============================= test session starts =============================
platform win32 -- Python 3.13.7, pytest-9.1.1, pluggy-1.6.0 -- C:\Program Files\Python313\python.exe
cachedir: .pytest_cache
hypothesis profile 'default'
rootdir: F:\backup
plugins: anyio-4.13.0, hypothesis-6.158.1, langsmith-0.10.1
collecting ... collected 15 items

_ops/tests/test_bitemporal_spine_spec.py::test_data_contract_missing_timestamps_not_injected PASSED [  6%]
_ops/tests/test_bitemporal_spine_spec.py::test_decision_1010_matrix PASSED [ 13%]
_ops/tests/test_bitemporal_spine_spec.py::test_decision_1030_matrix PASSED [ 20%]
_ops/tests/test_bitemporal_spine_spec.py::test_decision_1130_matrix PASSED [ 26%]
_ops/tests/test_bitemporal_spine_spec.py::test_m4_future_never_eligible PASSED [ 33%]
_ops/tests/test_bitemporal_spine_spec.py::test_correction_supersession_matrix PASSED [ 40%]
_ops/tests/test_bitemporal_spine_spec.py::test_late_arrival_visibility_boundary PASSED [ 46%]
_ops/tests/test_bitemporal_spine_spec.py::test_derived_memory_leakage PASSED [ 53%]
_ops/tests/test_bitemporal_spine_spec.py::test_context_excludes_future_derived_artifacts PASSED [ 60%]
_ops/tests/test_bitemporal_spine_spec.py::test_vector_index_leakage PASSED [ 66%]
_ops/tests/test_bitemporal_spine_spec.py::test_restart_replay_hash PASSED [ 73%]
_ops/tests/test_bitemporal_spine_spec.py::test_strict_vs_naive_ablation PASSED [ 80%]
_ops/tests/test_bitemporal_spine_spec.py::test_context_builder_contract PASSED [ 86%]
_ops/tests/test_bitemporal_spine_spec.py::test_gate_table_passes_on_sharp_fixture PASSED [ 93%]
_ops/tests/test_bitemporal_spine_spec.py::test_gate_table_rejects_dull_fixture PASSED [100%]

============================= 15 passed in 0.48s ==============================
