<?xml version="1.0" encoding="utf-8"?><testsuites name="pytest tests"><testsuite name="pytest" errors="0" failures="0" skipped="0" tests="25" time="0.703" timestamp="2026-09-17T19:07:07.485933+10:00" hostname="DESKTOP-KA9RFN5"><testcase classname="" name="test_runtime_failure_transition_replays[2-True-degraded]" time="0.062" /><testcase classname="" name="test_runtime_failure_transition_replays[9-True-quarantine]" time="0.038" /><testcase classname="" name="test_runtime_failure_transition_replays[9-False-degraded]" time="0.031" /><testcase classname="" name="test_constructor_quarantine_replays" time="0.032" /><testcase classname="" name="test_each_health_status_committed_once[healthy]" time="0.026" /><testcase classname="" name="test_each_health_status_committed_once[unavailable]" time="0.027" /><testcase classname="" name="test_each_health_status_committed_once[degraded]" time="0.034" /><testcase classname="" name="test_each_health_status_committed_once[quarantine]" time="0.031" /><testcase classname="" name="test_health_commit_failure_keeps_projection" time="0.029" /><testcase classname="" name="test_observation_append_failure_does_not_mutate_projection" time="0.027" /><testcase classname="" name="test_committed_observation_remains_replayable_on_downstream_failure[persist]" time="0.036" /><testcase classname="" name="test_committed_observation_remains_replayable_on_downstream_failure[publish]" time="0.029" /><testcase classname="" name="test_committed_observation_remains_replayable_on_downstream_failure[meta]" time="0.033" /><testcase classname="" name="test_invalid_observation_append_failure_does_not_advance_counter" time="0.027" /><testcase classname="" name="test_invalid_observation_commit_replays_after_audit_failure" time="0.027" /><testcase classname="" name="test_short_writes_are_completed" time="0.006" /><testcase classname="" name="test_zero_write_is_fatal" time="0.004" /><testcase classname="" name="test_fsync_failure_is_typed_and_not_acknowledged" time="0.003" /><testcase classname="" name="test_caller_cannot_rewind_journal_sequence" time="0.021" /><testcase classname="" name="test_torn_tail_refuses_append_and_preserves_bytes" time="0.012" /><testcase classname="" name="test_batch_fsyncs_once_including_partial_final_batch" time="0.012" /><testcase classname="" name="test_batch_serialization_failure_writes_nothing" time="0.004" /><testcase classname="" name="test_oversized_batch_rejected_before_writes" time="0.003" /><testcase classname="" name="test_no_direct_health_transition_outside_single_helper" time="0.025" /><testcase classname="" name="test_durability_error_bypasses_tick_and_forever_catchall" time="0.012" /></testsuite></testsuites>