<?xml version="1.0" encoding="utf-8"?><testsuites name="pytest tests"><testsuite name="pytest" errors="0" failures="19" skipped="0" tests="21" time="0.900" timestamp="2026-09-17T19:01:25.674265+10:00" hostname="DESKTOP-KA9RFN5"><testcase classname="" name="test_runtime_failure_transition_replays[2-True-degraded]" time="0.081"><failure message="AssertionError: assert {'fixture': 'healthy'} == {'fixture': 'degraded'}&#10;  &#10;  Differing items:&#10;  {'fixture': 'healthy'} != {'fixture': 'degraded'}&#10;  Use -v to get more diff">E   AssertionError: assert {'fixture': 'healthy'} == {'fixture': 'degraded'}
      
      Differing items:
      {'fixture': 'healthy'} != {'fixture': 'degraded'}
      Use -v to get more diff</failure></testcase><testcase classname="" name="test_runtime_failure_transition_replays[9-True-quarantine]" time="0.040"><failure message="AssertionError: assert {'fixture': 'healthy'} == {'fixture': 'quarantine'}&#10;  &#10;  Differing items:&#10;  {'fixture': 'healthy'} != {'fixture': 'quarantine'}&#10;  Use -v to get more diff">E   AssertionError: assert {'fixture': 'healthy'} == {'fixture': 'quarantine'}
      
      Differing items:
      {'fixture': 'healthy'} != {'fixture': 'quarantine'}
      Use -v to get more diff</failure></testcase><testcase classname="" name="test_runtime_failure_transition_replays[9-False-degraded]" time="0.031"><failure message="AssertionError: assert {'fixture': 'healthy'} == {'fixture': 'degraded'}&#10;  &#10;  Differing items:&#10;  {'fixture': 'healthy'} != {'fixture': 'degraded'}&#10;  Use -v to get more diff">E   AssertionError: assert {'fixture': 'healthy'} == {'fixture': 'degraded'}
      
      Differing items:
      {'fixture': 'healthy'} != {'fixture': 'degraded'}
      Use -v to get more diff</failure></testcase><testcase classname="" name="test_constructor_quarantine_replays" time="0.026"><failure message="AssertionError: assert None == {'fixture': 'quarantine'}&#10; +  where None = &lt;built-in method get of dict object at 0x00000282C006EE80&gt;('health')&#10; +    where &lt;built-in method get of dict object at 0x00000282C006EE80&gt; = {}.get&#10; +      where {} = &lt;function replay at 0x00000282BFF16D40&gt;(WindowsPath('C:/Users/Armin/AppData/Local/Temp/pytest-of-Armin/pytest-2252/test_constructor_quarantine_re0/events.jsonl'))&#10; +        where &lt;function replay at 0x00000282BFF16D40&gt; = snap.replay&#10; +  and   {'fixture': 'quarantine'} = &lt;SensoriumApp object at 0x00000282C000F230&gt;.health">E   AssertionError: assert None == {'fixture': 'quarantine'}
     +  where None = &lt;built-in method get of dict object at 0x00000282C006EE80&gt;('health')
     +    where &lt;built-in method get of dict object at 0x00000282C006EE80&gt; = {}.get
     +      where {} = &lt;function replay at 0x00000282BFF16D40&gt;(WindowsPath('C:/Users/Armin/AppData/Local/Temp/pytest-of-Armin/pytest-2252/test_constructor_quarantine_re0/events.jsonl'))
     +        where &lt;function replay at 0x00000282BFF16D40&gt; = snap.replay
     +  and   {'fixture': 'quarantine'} = &lt;SensoriumApp object at 0x00000282C000F230&gt;.health</failure></testcase><testcase classname="" name="test_each_health_status_committed_once[healthy]" time="0.033"><failure message="AttributeError: 'SensoriumApp' object has no attribute '_set_health'">E   AttributeError: 'SensoriumApp' object has no attribute '_set_health'</failure></testcase><testcase classname="" name="test_each_health_status_committed_once[unavailable]" time="0.033"><failure message="AttributeError: 'SensoriumApp' object has no attribute '_set_health'">E   AttributeError: 'SensoriumApp' object has no attribute '_set_health'</failure></testcase><testcase classname="" name="test_each_health_status_committed_once[degraded]" time="0.030"><failure message="AttributeError: 'SensoriumApp' object has no attribute '_set_health'">E   AttributeError: 'SensoriumApp' object has no attribute '_set_health'</failure></testcase><testcase classname="" name="test_each_health_status_committed_once[quarantine]" time="0.028"><failure message="AttributeError: 'SensoriumApp' object has no attribute '_set_health'">E   AttributeError: 'SensoriumApp' object has no attribute '_set_health'</failure></testcase><testcase classname="" name="test_health_commit_failure_keeps_projection" time="0.025"><failure message="Failed: DID NOT RAISE OSError">E   Failed: DID NOT RAISE OSError</failure></testcase><testcase classname="" name="test_observation_append_failure_does_not_mutate_projection" time="0.023"><failure message="AssertionError: assert (['sha256:fix...6:fixture'}}]) == ([], 0, [])&#10;  &#10;  At index 0 diff: ['sha256:fixture'] != []&#10;  Use -v to get more diff">E   AssertionError: assert (['sha256:fix...6:fixture'}}]) == ([], 0, [])
      
      At index 0 diff: ['sha256:fixture'] != []
      Use -v to get more diff</failure></testcase><testcase classname="" name="test_committed_observation_remains_replayable_on_downstream_failure[persist]" time="0.036"><failure message="assert 1 == 0&#10; +  where 0 = &lt;SensoriumApp object at 0x00000282C0186CF0&gt;.observations_published">E   assert 1 == 0
     +  where 0 = &lt;SensoriumApp object at 0x00000282C0186CF0&gt;.observations_published</failure></testcase><testcase classname="" name="test_committed_observation_remains_replayable_on_downstream_failure[publish]" time="0.031"><failure message="assert 1 == 0&#10; +  where 0 = &lt;SensoriumApp object at 0x00000282C0185FD0&gt;.observations_published">E   assert 1 == 0
     +  where 0 = &lt;SensoriumApp object at 0x00000282C0185FD0&gt;.observations_published</failure></testcase><testcase classname="" name="test_committed_observation_remains_replayable_on_downstream_failure[meta]" time="0.027" /><testcase classname="" name="test_invalid_observation_append_failure_does_not_advance_counter" time="0.023"><failure message="assert 1 == 0&#10; +  where 1 = &lt;SensoriumApp object at 0x00000282C0184830&gt;.invalid_observations">E   assert 1 == 0
     +  where 1 = &lt;SensoriumApp object at 0x00000282C0184830&gt;.invalid_observations</failure></testcase><testcase classname="" name="test_invalid_observation_commit_replays_after_audit_failure" time="0.024"><failure message="AssertionError: assert None == 1&#10; +  where None = &lt;built-in method get of dict object at 0x00000282C019FEC0&gt;('invalid_observations')&#10; +    where &lt;built-in method get of dict object at 0x00000282C019FEC0&gt; = {}.get&#10; +      where {} = &lt;function replay at 0x00000282BFF16D40&gt;(WindowsPath('C:/Users/Armin/AppData/Local/Temp/pytest-of-Armin/pytest-2252/test_invalid_observation_commi0/events.jsonl'))&#10; +        where &lt;function replay at 0x00000282BFF16D40&gt; = snap.replay&#10; +  and   1 = &lt;SensoriumApp object at 0x00000282C000EBA0&gt;.invalid_observations">E   AssertionError: assert None == 1
     +  where None = &lt;built-in method get of dict object at 0x00000282C019FEC0&gt;('invalid_observations')
     +    where &lt;built-in method get of dict object at 0x00000282C019FEC0&gt; = {}.get
     +      where {} = &lt;function replay at 0x00000282BFF16D40&gt;(WindowsPath('C:/Users/Armin/AppData/Local/Temp/pytest-of-Armin/pytest-2252/test_invalid_observation_commi0/events.jsonl'))
     +        where &lt;function replay at 0x00000282BFF16D40&gt; = snap.replay
     +  and   1 = &lt;SensoriumApp object at 0x00000282C000EBA0&gt;.invalid_observations</failure></testcase><testcase classname="" name="test_short_writes_are_completed" time="0.010"><failure message="KeyError: 'health'">E   KeyError: 'health'</failure></testcase><testcase classname="" name="test_zero_write_is_fatal" time="0.004"><failure message="Failed: DID NOT RAISE OSError">E   Failed: DID NOT RAISE OSError</failure></testcase><testcase classname="" name="test_fsync_failure_is_typed_and_not_acknowledged" time="0.005" /><testcase classname="" name="test_caller_cannot_rewind_journal_sequence" time="0.023"><failure message="assert [] == [1, 2]&#10;  &#10;  Right contains 2 more items, first extra item: 1&#10;  Use -v to get more diff">E   assert [] == [1, 2]
      
      Right contains 2 more items, first extra item: 1
      Use -v to get more diff</failure></testcase><testcase classname="" name="test_no_direct_health_transition_outside_single_helper" time="0.019"><failure message="AssertionError: [('_instantiate_wave1', 293), ('boot', 344), ('boot', 354), ('boot', 363), ('_tick_sensor', 784), ('_tick_sensor', 787)]&#10;assert (6 == 1)&#10; +  where 6 = len([('_instantiate_wave1', 293), ('boot', 344), ('boot', 354), ('boot', 363), ('_tick_sensor', 784), ('_tick_sensor', 787)])">E   AssertionError: [('_instantiate_wave1', 293), ('boot', 344), ('boot', 354), ('boot', 363), ('_tick_sensor', 784), ('_tick_sensor', 787)]
    assert (6 == 1)
     +  where 6 = len([('_instantiate_wave1', 293), ('boot', 344), ('boot', 354), ('boot', 363), ('_tick_sensor', 784), ('_tick_sensor', 787)])</failure></testcase><testcase classname="" name="test_durability_error_bypasses_tick_and_forever_catchall" time="0.014"><failure message="AssertionError: _tick_sensor&#10;assert ([])">E   AssertionError: _tick_sensor
    assert ([])</failure></testcase></testsuite></testsuites>