<?xml version="1.0" encoding="utf-8"?><testsuites name="pytest tests"><testsuite name="pytest" errors="0" failures="5" skipped="28" tests="8036" time="121.542" timestamp="2026-09-05T01:36:25.137517+10:00" hostname="DESKTOP-KA9RFN5"><testcase classname="tests.test_advisor.TestThereIsNowhereToPutAnImage" name="test_a_data_url_nested_anywhere_is_refused" time="0.001" /><testcase classname="tests.test_advisor.TestThereIsNowhereToPutAnImage" name="test_a_label_cannot_be_long_enough_to_hide_one" time="0.001" /><testcase classname="tests.test_advisor.TestThereIsNowhereToPutAnImage" name="test_a_label_must_be_a_label_not_a_sentence" time="0.001" /><testcase classname="tests.test_advisor.TestThereIsNowhereToPutAnImage" name="test_a_non_numeric_measurement_is_dropped_not_fatal" time="0.001" /><testcase classname="tests.test_advisor.TestThereIsNowhereToPutAnImage" name="test_evidence_holds_only_numbers" time="0.002" /><testcase classname="tests.test_advisor.TestThereIsNowhereToPutAnImage" name="test_extraction_is_whitelisted_by_name" time="0.001" /><testcase classname="tests.test_advisor.TestThereIsNowhereToPutAnImage" name="test_raw_input_containing_bytes_is_refused_outright" time="0.001" /><testcase classname="tests.test_advisor.TestThereIsNowhereToPutAnImage" name="test_the_advisor_does_not_import_the_media_layer" time="0.001" /><testcase classname="tests.test_advisor.TestThereIsNowhereToPutAnImage" name="test_the_prompt_has_no_slot_for_free_text" time="0.001" /><testcase classname="tests.test_advisor.TestEverySuggestionCarriesItsSource" name="test_a_finding_without_evidence_is_refused" time="0.001" /><testcase classname="tests.test_advisor.TestEverySuggestionCarriesItsSource" name="test_claim_and_source_come_back_together" time="0.001" /><testcase classname="tests.test_advisor.TestEverySuggestionCarriesItsSource" name="test_provenance_needs_both_numbers" time="0.002" /><testcase classname="tests.test_advisor.TestEverySuggestionCarriesItsSource" name="test_the_source_is_rendered_beside_the_claim" time="0.001" /><testcase classname="tests.test_advisor.TestEverySuggestionCarriesItsSource" name="test_too_small_a_sample_says_nothing" time="0.001" /><testcase classname="tests.test_advisor.TestDecliningIsNotFailing" name="test_a_real_answer_becomes_a_finding_with_the_evidence_attached" time="0.001" /><testcase classname="tests.test_advisor.TestDecliningIsNotFailing" name="test_not_enough_returns_nothing" time="0.001" /><testcase classname="tests.test_advisor.TestDecliningIsNotFailing" name="test_only_the_first_line_is_kept" time="0.001" /><testcase classname="tests.test_advisor.TestDecliningIsNotFailing" name="test_silence_returns_nothing" time="0.001" /><testcase classname="tests.test_advisor.TestTheRatchet" name="test_a_hard_rejection_never_comes_back" time="0.001" /><testcase classname="tests.test_advisor.TestTheRatchet" name="test_a_soft_rejection_may_come_back" time="0.001" /><testcase classname="tests.test_advisor.TestTheRatchet" name="test_offering_is_remembered" time="0.001" /><testcase classname="tests.test_advisor.TestTheRatchet" name="test_opinions_do_not_soften" time="0.001" /><testcase classname="tests.test_advisor.TestNoImplicitEscalation" name="test_nothing_in_this_module_names_the_expensive_rung" time="0.001" /><testcase classname="tests.test_advisor.TestNoImplicitEscalation" name="test_the_default_on_a_request_is_the_standard_rung" time="0.001" /><testcase classname="tests.test_advisor.TestNoImplicitEscalation" name="test_the_rung_is_always_the_standard_one" time="0.001" /><testcase classname="tests.test_advisor.TestNoImplicitEscalation" name="test_tier_one_is_absent_not_disabled" time="0.001" /><testcase classname="tests.test_alert.TestLocalLogAlways" name="test_log_written_even_when_telegram_on_but_offline" time="4.785" /><testcase classname="tests.test_alert.TestLocalLogAlways" name="test_log_written_when_telegram_disabled" time="0.008" /><testcase classname="tests.test_alert.TestLocalLogAlways" name="test_newlines_collapsed_to_one_log_line" time="0.009" /><testcase classname="tests.test_alert.TestFlagGate" name="test_misconfiguration_logged" time="0.009" /><testcase classname="tests.test_alert.TestFlagGate" name="test_misconfiguration_surfaced" time="0.004" /><testcase classname="tests.test_alert.TestFlagGate" name="test_telegram_not_attempted_when_flag_not_one" time="0.002" /><testcase classname="tests.test_alert.TestFlagGate" name="test_telegram_not_attempted_when_flag_off" time="0.003" /><testcase classname="tests.test_alert.TestNoCrash" name="test_main_returns_zero" time="0.001" /><testcase classname="tests.test_alert.TestNoCrash" name="test_unwritable_log_does_not_crash" time="0.001" /><testcase classname="tests.test_arbiter_claim.StructuralPins" name="test_constructor_refuses_grants_send_true" time="0.001" /><testcase classname="tests.test_arbiter_claim.StructuralPins" name="test_mint_signature_has_no_send_or_halt" time="0.001" /><testcase classname="tests.test_arbiter_claim.StructuralPins" name="test_send_and_ready_pins_are_false" time="0.001" /><testcase classname="tests.test_arbiter_claim.DefaultScopeIsThisHost" name="test_mint_defaults_to_this_host_only" time="0.001" /><testcase classname="tests.test_arbiter_claim.DefaultScopeIsThisHost" name="test_this_host_only_refuses_silent_peer_list" time="0.001" /><testcase classname="tests.test_arbiter_claim.SystemWideNeedsTwoBodies" name="test_bool_is_not_a_node_id" time="0.001" /><testcase classname="tests.test_arbiter_claim.SystemWideNeedsTwoBodies" name="test_one_node_id_cannot_promote" time="0.001" /><testcase classname="tests.test_arbiter_claim.SystemWideNeedsTwoBodies" name="test_peer_list_must_include_this_node" time="0.001" /><testcase classname="tests.test_arbiter_claim.SystemWideNeedsTwoBodies" name="test_two_distinct_node_ids_may_name_system_wide" time="0.001" /><testcase classname="tests.test_arbiter_claim.SealedNamesRefuse" name="test_empty_evidence_is_self_confirming" time="0.001" /><testcase classname="tests.test_arbiter_claim.SealedNamesRefuse" name="test_sealed_claim_type_refused" time="0.001" /><testcase classname="tests.test_arbiter_claim.SealedNamesRefuse" name="test_sealed_node_id_refused" time="0.001" /><testcase classname="tests.test_arbiter_claim.ExactIntAndAddress" name="test_leading_zero_octet_refused" time="0.001" /><testcase classname="tests.test_arbiter_claim.ExactIntAndAddress" name="test_true_is_not_one" time="0.001" /><testcase classname="tests.test_arbiter_claim.ExactIntAndAddress" name="test_unspecified_address_refused" time="0.001" /><testcase classname="tests.test_arbiter_claim.ExactIntAndAddress" name="test_valid_documentation_address_accepted" time="0.001" /><testcase classname="tests.test_arbiter_claim.AbsenceAndIdentity" name="test_disk_this_host_is_not_body_missing" time="0.001" /><testcase classname="tests.test_arbiter_claim.AbsenceAndIdentity" name="test_identity_contradiction_fails_closed" time="0.001" /><testcase classname="tests.test_arbiter_claim.AbsenceAndIdentity" name="test_matching_observed_ip_is_consistent" time="0.001" /><testcase classname="tests.test_arbiter_claim.AbsenceAndIdentity" name="test_mint_refuses_contradiction" time="0.001" /><testcase classname="tests.test_arbiter_claim.AbsenceAndIdentity" name="test_missing_lan_ports_are_unknown_not_loopback_absent" time="0.001" /><testcase classname="tests.test_arbiter_claim.AbsenceAndIdentity" name="test_missing_observed_ip_is_unknown_not_false" time="0.001" /><testcase classname="tests.test_arbiter_claim.AbsenceAndIdentity" name="test_unknown_absence_kind_fails_closed" time="0.001" /><testcase classname="tests.test_arbiter_claim.ClaimTypesAreNotEffects" name="test_inference_needs_two_alternatives" time="0.001" /><testcase classname="tests.test_arbiter_claim.ClaimTypesAreNotEffects" name="test_no_claim_type_is_execution" time="0.001" /><testcase classname="tests.test_arbiter_claim.SecondWitness" name="test_same_body_cannot_pair" time="0.002" /><testcase classname="tests.test_arbiter_claim.SecondWitness" name="test_two_agent_reports_are_not_verified" time="0.001" /><testcase classname="tests.test_arbiter_claim.SecondWitness" name="test_two_measurements_from_two_nodes_pair" time="0.001" /><testcase classname="tests.test_arch_bind.StructuralPins" name="test_allowed_must_not_carry_a_reason" time="0.001" /><testcase classname="tests.test_arch_bind.StructuralPins" name="test_constructor_refuses_grants_send_true" time="0.001" /><testcase classname="tests.test_arch_bind.StructuralPins" name="test_does_not_claim_immutable" time="0.001" /><testcase classname="tests.test_arch_bind.StructuralPins" name="test_does_not_copy_canonical" time="0.001" /><testcase classname="tests.test_arch_bind.StructuralPins" name="test_does_not_mutate" time="0.001" /><testcase classname="tests.test_arch_bind.StructuralPins" name="test_does_not_promote_ready_to_send" time="0.001" /><testcase classname="tests.test_arch_bind.StructuralPins" name="test_grants_send_is_false" time="0.001" /><testcase classname="tests.test_arch_bind.StructuralPins" name="test_halt_does_not_block_bind" time="0.001" /><testcase classname="tests.test_arch_bind.StructuralPins" name="test_proposal_is_not_execution" time="0.001" /><testcase classname="tests.test_arch_bind.StructuralPins" name="test_ready_is_not_authorized" time="0.001" /><testcase classname="tests.test_arch_bind.StructuralPins" name="test_refused_requires_known_reason" time="0.001" /><testcase classname="tests.test_arch_bind.StructuralPins" name="test_signature_has_no_send_halt_or_resend_knob" time="0.001" /><testcase classname="tests.test_arch_bind.StructuralPins" name="test_timed_out_must_be_exact_bool" time="0.001" /><testcase classname="tests.test_arch_bind.StructuralPins" name="test_timeout_does_not_prove_concurrent" time="0.001" /><testcase classname="tests.test_arch_bind.StructuralPins" name="test_unknown_is_not_false" time="0.001" /><testcase classname="tests.test_arch_bind.ClosedVocabularies" name="test_contracts_are_the_nine_priority_names" time="0.001" /><testcase classname="tests.test_arch_bind.ClosedVocabularies" name="test_sealed_names_are_not_contracts" time="0.001" /><testcase classname="tests.test_arch_bind.ClosedVocabularies" name="test_surfaces_and_intents" time="0.001" /><testcase classname="tests.test_arch_bind.AdmitBind" name="test_bind_every_known_pair" time="0.001" /><testcase classname="tests.test_arch_bind.AdmitBind" name="test_bind_known_contract_to_kernel" time="0.001" /><testcase classname="tests.test_arch_bind.AdmitBind" name="test_mutate_is_always_refused" time="0.001" /><testcase classname="tests.test_arch_bind.AdmitBind" name="test_observe_every_contract_on_every_surface" time="0.001" /><testcase classname="tests.test_arch_bind.AdmitBind" name="test_timeout_does_not_refuse_a_valid_bind" time="0.001" /><testcase classname="tests.test_arch_bind.AdmitBind" name="test_timeout_records_unknown_and_still_admits_observe" time="0.001" /><testcase classname="tests.test_arch_bind.FailClosedUnknown" name="test_empty_and_bool_names_fail_closed" time="0.001" /><testcase classname="tests.test_arch_bind.FailClosedUnknown" name="test_unknown_contract_is_not_classified_false" time="0.001" /><testcase classname="tests.test_arch_bind.FailClosedUnknown" name="test_unknown_intent_is_not_classified_false" time="0.001" /><testcase classname="tests.test_arch_bind.FailClosedUnknown" name="test_unknown_surface_is_not_classified_false" time="0.001" /><testcase classname="tests.test_arch_bind.SealedNames" name="test_ready_is_not_authorized_as_a_contract" time="0.001" /><testcase classname="tests.test_arch_bind.SealedNames" name="test_sealed_contract_refuses" time="0.001" /><testcase classname="tests.test_arch_bind.SealedNames" name="test_sealed_surface_refuses" time="0.001" /><testcase classname="tests.test_arch_bind.DualRecord" name="test_allowed_and_grants_send_are_both_recorded" time="0.001" /><testcase classname="tests.test_arch_bind.DualRecord" name="test_refused_and_grants_send_are_both_recorded" time="0.001" /><testcase classname="tests.test_arch_token_otel_contracts.TokenBudgetDocMatchesCode" name="test_daily_call_caps_mirror_default_caps" time="0.002" /><testcase classname="tests.test_arch_token_otel_contracts.TokenBudgetDocMatchesCode" name="test_doc_names_the_two_envelope_budget_fields" time="0.001" /><testcase classname="tests.test_arch_token_otel_contracts.AgentContractDocPointsAtRealModules" name="test_factory_and_halt_paths_import" time="0.002" /><testcase classname="tests.test_arch_token_otel_contracts.OtelMapNamesSpineEvents" name="test_doc_says_otel_is_a_projection_not_the_ledger" time="0.009" /><testcase classname="tests.test_arch_token_otel_contracts.OtelMapNamesSpineEvents" name="test_mapped_kinds_are_real_event_kinds" time="0.001" /><testcase classname="tests.test_arch_token_otel_contracts.ReadyIsNotAuthorized" name="test_send_name_in_decision_fails_closed" time="0.001" /><testcase classname="tests.test_arch_token_otel_contracts.ReadyIsNotAuthorized" name="test_token_admit_never_grants_send" time="0.001" /><testcase classname="tests.test_arm_isolate.UnseenIsUnknownNotParked" name="test_fresh_index_is_unknown" time="0.001" /><testcase classname="tests.test_arm_isolate.UnseenIsUnknownNotParked" name="test_unknown_is_not_false_and_not_parked" time="0.001" /><testcase classname="tests.test_arm_isolate.TimeoutParksOnlyThatArm" name="test_note_timeout_latches_park" time="0.001" /><testcase classname="tests.test_arm_isolate.TimeoutParksOnlyThatArm" name="test_others_continue_is_read_only" time="0.001" /><testcase classname="tests.test_arm_isolate.TimeoutParksOnlyThatArm" name="test_others_remain_eligible" time="0.001" /><testcase classname="tests.test_arm_isolate.ClassifiedTimeoutParks" name="test_overrun_parks_and_completed_does_not" time="0.001" /><testcase classname="tests.test_arm_isolate.ClassifiedTimeoutParks" name="test_timeout_constant_matches_classifier" time="0.001" /><testcase classname="tests.test_arm_isolate.UnparkIsRefused" name="test_unpark_fails_closed" time="0.001" /><testcase classname="tests.test_arm_isolate.SealedAndMalformed" name="test_empty_and_non_str_arm_refused" time="0.002" /><testcase classname="tests.test_arm_isolate.SealedAndMalformed" name="test_roster_must_be_a_sequence" time="0.001" /><testcase classname="tests.test_arm_isolate.SealedAndMalformed" name="test_sealed_arm_name_refused" time="0.001" /><testcase classname="tests.test_arm_isolate.PeekAndReplayDoNotWrite" name="test_peek_equals_status_and_does_not_create" time="0.001" /><testcase classname="tests.test_arm_isolate.PeekAndReplayDoNotWrite" name="test_replay_is_note_order" time="0.001" /><testcase classname="tests.test_arm_isolate.ReadyIsNotAuthorized" name="test_grants_send_is_structurally_false" time="0.001" /><testcase classname="tests.test_arm_isolate.ReadyIsNotAuthorized" name="test_halt_does_not_block_isolate" time="0.001" /><testcase classname="tests.test_arm_isolate.ReadyIsNotAuthorized" name="test_timeout_is_not_a_second_writer" time="0.001" /><testcase classname="tests.test_artifact_ref.StructuralPins" name="test_agent_reported_is_not_verified" time="0.001" /><testcase classname="tests.test_artifact_ref.StructuralPins" name="test_closed_evidence_levels" time="0.001" /><testcase classname="tests.test_artifact_ref.StructuralPins" name="test_constructor_refuses_grants_send_true" time="0.001" /><testcase classname="tests.test_artifact_ref.StructuralPins" name="test_does_not_claim_immutable" time="0.001" /><testcase classname="tests.test_artifact_ref.StructuralPins" name="test_does_not_copy_canonical" time="0.001" /><testcase classname="tests.test_artifact_ref.StructuralPins" name="test_grants_send_is_false" time="0.001" /><testcase classname="tests.test_artifact_ref.StructuralPins" name="test_halt_does_not_block_pointers" time="0.001" /><testcase classname="tests.test_artifact_ref.StructuralPins" name="test_ready_is_not_authorized" time="0.001" /><testcase classname="tests.test_artifact_ref.StructuralPins" name="test_signature_has_no_send_halt_or_resend_knob" time="0.001" /><testcase classname="tests.test_artifact_ref.StructuralPins" name="test_unknown_size_is_not_zero" time="0.001" /><testcase classname="tests.test_artifact_ref.PointerValidation" name="test_absolute_path_refused" time="0.001" /><testcase classname="tests.test_artifact_ref.PointerValidation" name="test_backslash_refused" time="0.001" /><testcase classname="tests.test_artifact_ref.PointerValidation" name="test_bool_path_refused" time="0.001" /><testcase classname="tests.test_artifact_ref.PointerValidation" name="test_empty_path_refused" time="0.001" /><testcase classname="tests.test_artifact_ref.PointerValidation" name="test_parent_traversal_refused" time="0.001" /><testcase classname="tests.test_artifact_ref.PointerValidation" name="test_sealed_path_component_refused" time="0.001" /><testcase classname="tests.test_artifact_ref.DigestAndSize" name="test_bool_size_refused" time="0.001" /><testcase classname="tests.test_artifact_ref.DigestAndSize" name="test_float_size_refused" time="0.001" /><testcase classname="tests.test_artifact_ref.DigestAndSize" name="test_negative_size_refused" time="0.001" /><testcase classname="tests.test_artifact_ref.DigestAndSize" name="test_none_size_is_unknown_not_zero" time="0.001" /><testcase classname="tests.test_artifact_ref.DigestAndSize" name="test_short_digest_refused" time="0.001" /><testcase classname="tests.test_artifact_ref.DigestAndSize" name="test_string_size_refused" time="0.001" /><testcase classname="tests.test_artifact_ref.DigestAndSize" name="test_uppercase_digest_accepted_folded" time="0.001" /><testcase classname="tests.test_artifact_ref.DigestAndSize" name="test_zero_size_is_a_measurement" time="0.001" /><testcase classname="tests.test_artifact_ref.EvidenceLevelAndBody" name="test_absent_body_mints" time="0.001" /><testcase classname="tests.test_artifact_ref.EvidenceLevelAndBody" name="test_embedded_body_refused_even_when_empty" time="0.001" /><testcase classname="tests.test_artifact_ref.EvidenceLevelAndBody" name="test_empty_level_refused" time="0.001" /><testcase classname="tests.test_artifact_ref.EvidenceLevelAndBody" name="test_level_a_is_still_one_record" time="0.001" /><testcase classname="tests.test_artifact_ref.EvidenceLevelAndBody" name="test_level_c_is_not_independently_verified" time="0.001" /><testcase classname="tests.test_artifact_ref.EvidenceLevelAndBody" name="test_sealed_level_refused" time="0.001" /><testcase classname="tests.test_artifact_ref.EvidenceLevelAndBody" name="test_unknown_level_fails_closed_not_false" time="0.001" /><testcase classname="tests.test_assistant_shared_memory.TestSharedFallback" name="test_local_answer_preferred_over_shared" time="0.012" /><testcase classname="tests.test_assistant_shared_memory.TestSharedFallback" name="test_shared_failure_does_not_break_answer" time="0.011" /><testcase classname="tests.test_assistant_shared_memory.TestSharedFallback" name="test_shared_returns_results_when_local_empty" time="0.010" /><testcase classname="tests.test_assistant_shared_memory.TestSharedFallback" name="test_shared_used_when_local_empty" time="0.009" /><testcase classname="tests.test_audience.TestCohortMaturity" name="test_a_purchase_after_the_window_is_not_a_window_conversion" time="0.001" /><testcase classname="tests.test_audience.TestCohortMaturity" name="test_it_is_reported_per_channel" time="0.001" /><testcase classname="tests.test_audience.TestCohortMaturity" name="test_no_matured_cohort_is_none_not_zero" time="0.001" /><testcase classname="tests.test_audience.TestCohortMaturity" name="test_somebody_who_joined_yesterday_is_not_a_failure" time="0.001" /><testcase classname="tests.test_audience.TestCohortMaturity" name="test_the_boundary_day_counts_as_matured" time="0.001" /><testcase classname="tests.test_audience.TestCohortMaturity" name="test_the_rate_does_not_fall_when_new_people_arrive" time="0.001" /><testcase classname="tests.test_audience.TestWhoHasGoneQuiet" name="test_a_blocked_person_is_not_on_the_list" time="0.001" /><testcase classname="tests.test_audience.TestWhoHasGoneQuiet" name="test_longest_silence_first" time="0.001" /><testcase classname="tests.test_audience.TestWhoHasGoneQuiet" name="test_never_contacted_comes_first" time="0.001" /><testcase classname="tests.test_audience.TestWhoHasGoneQuiet" name="test_never_contacted_is_none_not_a_big_number" time="0.001" /><testcase classname="tests.test_audience.TestWhoHasGoneQuiet" name="test_somebody_contacted_today_is_not_quiet" time="0.001" /><testcase classname="tests.test_audience.TestOwnership" name="test_an_empty_audience_has_no_ratio" time="0.001" /><testcase classname="tests.test_audience.TestOwnership" name="test_growth_on_rented_ground_reads_as_down" time="0.001" /><testcase classname="tests.test_audience.TestOwnership" name="test_one_point_is_not_a_trend" time="0.001" /><testcase classname="tests.test_audience.TestOwnership" name="test_rising_ownership_is_not_worth_interrupting_for" time="0.001" /><testcase classname="tests.test_audience.TestOwnership" name="test_the_ratio" time="0.001" /><testcase classname="tests.test_audience.TestValuePerChannel" name="test_a_zero_cost_is_refused_not_divided_by" time="0.001" /><testcase classname="tests.test_audience.TestValuePerChannel" name="test_lifetime_value_without_a_cost_is_none" time="0.001" /><testcase classname="tests.test_audience.TestValuePerChannel" name="test_with_a_cost_it_is_a_ratio" time="0.001" /><testcase classname="tests.test_audience.TestRevenueMix" name="test_nothing_earned_yet_is_none" time="0.001" /><testcase classname="tests.test_audience.TestRevenueMix" name="test_the_mix_is_her_own" time="0.001" /><testcase classname="tests.test_audience.TestMoneyIsIntegerMinorUnits" name="test_a_float_amount_is_refused" time="0.026" /><testcase classname="tests.test_audience.TestMoneyIsIntegerMinorUnits" name="test_a_negative_amount_is_refused" time="0.012" /><testcase classname="tests.test_audience.TestMoneyIsIntegerMinorUnits" name="test_an_unknown_kind_is_refused" time="0.013" /><testcase classname="tests.test_audience.TestMoneyIsIntegerMinorUnits" name="test_the_column_is_an_integer" time="0.012" /><testcase classname="tests.test_audience.TestFirstPurchaseIsStampedOnce" name="test_a_later_payment_does_not_move_it" time="0.014" /><testcase classname="tests.test_audience.TestFirstPurchaseIsStampedOnce" name="test_lifetime_value_is_summed_not_stored" time="0.014" /><testcase classname="tests.test_audience.TestFirstPurchaseIsStampedOnce" name="test_money_from_an_unknown_subscriber_is_refused" time="0.011" /><testcase classname="tests.test_audience.TestFirstPurchaseIsStampedOnce" name="test_money_from_nobody_is_allowed" time="0.011" /><testcase classname="tests.test_audience.TestFirstPurchaseIsStampedOnce" name="test_the_first_payment_stamps_it" time="0.012" /><testcase classname="tests.test_audience.TestFirstPurchaseIsStampedOnce" name="test_the_same_event_twice_is_refused" time="0.011" /><testcase classname="tests.test_audience.TestContactStampOnlyMovesForward" name="test_it_does_not_move_backwards" time="0.013" /><testcase classname="tests.test_audience.TestContactStampOnlyMovesForward" name="test_it_moves_forward" time="0.012" /><testcase classname="tests.test_audience.TestSnapshots" name="test_a_snapshot_is_written_whole" time="0.012" /><testcase classname="tests.test_audience.TestSnapshots" name="test_an_unknown_ownership_kind_is_refused_before_anything_is_written" time="0.010" /><testcase classname="tests.test_audience.TestSnapshots" name="test_snapshots_accumulate_as_a_series" time="0.012" /><testcase classname="tests.test_audience.TestSnapshots" name="test_taking_the_same_snapshot_twice_corrects_it" time="0.012" /><testcase classname="tests.test_audience.TestSnapshots" name="test_the_database_refuses_a_fourth_kind_too" time="0.012" /><testcase classname="tests.test_audience.TestItWorksWithNobodyAtAll" name="test_an_empty_business_answers_without_inventing" time="0.013" /><testcase classname="tests.test_audience.TestItWorksWithNobodyAtAll" name="test_durability" time="0.013" /><testcase classname="tests.test_audience.TestDistributionNotAverage" name="test_a_skewed_month_refuses_to_offer_a_mean" time="0.001" /><testcase classname="tests.test_audience.TestDistributionNotAverage" name="test_an_even_month_does_offer_one" time="0.001" /><testcase classname="tests.test_audience.TestDistributionNotAverage" name="test_fewer_payers_than_the_top_n_is_reported_honestly" time="0.001" /><testcase classname="tests.test_audience.TestDistributionNotAverage" name="test_nobody_paying_has_no_share" time="0.001" /><testcase classname="tests.test_audience.TestDistributionNotAverage" name="test_people_who_never_paid_are_counted_not_averaged_away" time="0.012" /><testcase classname="tests.test_audience.TestDistributionNotAverage" name="test_the_top_share_is_the_number_worth_saying" time="0.001" /><testcase classname="tests.test_auth.TestInitDataVerification" name="test_a_blob_signed_without_signature_fails_once_one_is_added" time="0.001" /><testcase classname="tests.test_auth.TestInitDataVerification" name="test_blob_inside_the_window_is_accepted" time="0.001" /><testcase classname="tests.test_auth.TestInitDataVerification" name="test_error_message_does_not_leak_which_check_failed" time="0.001" /><testcase classname="tests.test_auth.TestInitDataVerification" name="test_forged_hash_is_rejected" time="0.001" /><testcase classname="tests.test_auth.TestInitDataVerification" name="test_future_dated_blob_is_rejected" time="0.001" /><testcase classname="tests.test_auth.TestInitDataVerification" name="test_malformed_raw_is_rejected" time="0.001" /><testcase classname="tests.test_auth.TestInitDataVerification" name="test_missing_bot_token_fails_closed" time="0.001" /><testcase classname="tests.test_auth.TestInitDataVerification" name="test_missing_hash_is_rejected" time="0.001" /><testcase classname="tests.test_auth.TestInitDataVerification" name="test_parse_and_verify_round_trip" time="0.001" /><testcase classname="tests.test_auth.TestInitDataVerification" name="test_signature_field_is_part_of_the_check_string" time="0.001" /><testcase classname="tests.test_auth.TestInitDataVerification" name="test_signature_from_a_different_bot_token_fails" time="0.001" /><testcase classname="tests.test_auth.TestInitDataVerification" name="test_small_clock_skew_is_tolerated" time="0.001" /><testcase classname="tests.test_auth.TestInitDataVerification" name="test_stale_blob_is_rejected" time="0.001" /><testcase classname="tests.test_auth.TestInitDataVerification" name="test_tampering_with_a_field_invalidates_it" time="0.001" /><testcase classname="tests.test_auth.TestInitDataVerification" name="test_user_without_id_is_rejected" time="0.001" /><testcase classname="tests.test_auth.TestInitDataVerification" name="test_valid_blob_passes" time="0.001" /><testcase classname="tests.test_auth.TestSessionTokens" name="test_expired_token_rejected" time="0.001" /><testcase classname="tests.test_auth.TestSessionTokens" name="test_extended_expiry_is_rejected" time="0.001" /><testcase classname="tests.test_auth.TestSessionTokens" name="test_garbage_shapes_rejected" time="0.001" /><testcase classname="tests.test_auth.TestSessionTokens" name="test_missing_secret_fails_closed" time="0.001" /><testcase classname="tests.test_auth.TestSessionTokens" name="test_round_trip" time="0.001" /><testcase classname="tests.test_auth.TestSessionTokens" name="test_subject_must_be_safe" time="0.001" /><testcase classname="tests.test_auth.TestSessionTokens" name="test_tampered_tenant_is_rejected" time="0.001" /><testcase classname="tests.test_auth.TestSessionTokens" name="test_tampered_user_is_rejected" time="0.001" /><testcase classname="tests.test_auth.TestSessionTokens" name="test_wrong_secret_is_rejected" time="0.001" /><testcase classname="tests.test_auth.TestReplayGuard" name="test_different_blobs_are_fine" time="0.001" /><testcase classname="tests.test_auth.TestReplayGuard" name="test_entries_expire_and_the_guard_stays_small" time="0.001" /><testcase classname="tests.test_auth.TestReplayGuard" name="test_expired_digest_may_be_reused" time="0.001" /><testcase classname="tests.test_auth.TestReplayGuard" name="test_same_blob_twice_is_refused" time="0.001" /><testcase classname="tests.test_auth.TestRealLaunchShape" name="test_a_launch_carrying_signature_verifies" time="0.001" /><testcase classname="tests.test_auth.TestRealLaunchShape" name="test_a_launch_without_signature_still_verifies" time="0.001" /><testcase classname="tests.test_auth.TestRealLaunchShape" name="test_a_value_containing_an_ampersand_survives" time="0.001" /><testcase classname="tests.test_auth.TestRealLaunchShape" name="test_the_probe_names_the_working_combination" time="0.001" /><testcase classname="tests.test_auth.TestSessionSigLength" name="test_full_digest_is_longer_than_used" time="0.001" /><testcase classname="tests.test_auth.TestSessionSigLength" name="test_token_carries_32_hex_signature" time="0.001" /><testcase classname="tests.test_board_events.BoardEventContractTests" name="test_attempt_is_real_int_in_bounded_range" time="0.002" /><testcase classname="tests.test_board_events.BoardEventContractTests" name="test_canonical_json_and_hmac_sha256" time="0.001" /><testcase classname="tests.test_board_events.BoardEventContractTests" name="test_expiry_must_follow_creation_and_boundary_is_expired" time="0.001" /><testcase classname="tests.test_board_events.BoardEventContractTests" name="test_ids_must_be_nonempty_bounded_clean_strings" time="0.003" /><testcase classname="tests.test_board_events.BoardEventContractTests" name="test_missing_and_extra_fields_are_rejected" time="0.002" /><testcase classname="tests.test_board_events.BoardEventContractTests" name="test_only_three_distinct_boards_are_allowed" time="0.002" /><testcase classname="tests.test_board_events.BoardEventContractTests" name="test_payload_must_be_bounded_json_object" time="0.003" /><testcase classname="tests.test_board_events.BoardEventContractTests" name="test_payload_nesting_is_bounded" time="0.001" /><testcase classname="tests.test_board_events.BoardEventContractTests" name="test_roundtrip_makes_defensive_payload_copies" time="0.001" /><testcase classname="tests.test_board_events.BoardEventContractTests" name="test_timestamps_are_strict_rfc3339_utc" time="0.003" /><testcase classname="tests.test_board_events.BoardEventContractTests" name="test_type_allowlist_and_business_lead_requirement" time="0.004" /><testcase classname="tests.test_board_events.BoardEventContractTests" name="test_verify_uses_compare_digest" time="0.001" /><testcase classname="tests.test_board_events.BoardEventContractTests" name="test_version_and_exact_envelope_surface" time="0.001" /><testcase classname="tests.test_board_events.BoardEventStoreTests" name="test_ack_event_is_persisted_and_can_ack_processed_event" time="0.022" /><testcase classname="tests.test_board_events.BoardEventStoreTests" name="test_ack_without_linked_record_still_terminalises" time="0.023" /><testcase classname="tests.test_board_events.BoardEventStoreTests" name="test_bad_signature_replay_still_fails_closed" time="0.019" /><testcase classname="tests.test_board_events.BoardEventStoreTests" name="test_bounded_retry_respects_signed_attempt" time="0.022" /><testcase classname="tests.test_board_events.BoardEventStoreTests" name="test_claim_is_exclusive_and_mark_processed_requires_claim" time="0.019" /><testcase classname="tests.test_board_events.BoardEventStoreTests" name="test_claimed_event_can_finish_after_delivery_ttl" time="0.019" /><testcase classname="tests.test_board_events.BoardEventStoreTests" name="test_crash_recovery_and_persistence_across_reopen" time="0.026" /><testcase classname="tests.test_board_events.BoardEventStoreTests" name="test_existing_db_preserved_table_created_and_durable_pragmas_applied" time="0.029" /><testcase classname="tests.test_board_events.BoardEventStoreTests" name="test_expired_ingest_rejected_at_exact_boundary" time="0.017" /><testcase classname="tests.test_board_events.BoardEventStoreTests" name="test_hold_then_retry_within_budget" time="0.020" /><testcase classname="tests.test_board_events.BoardEventStoreTests" name="test_ingest_get_and_signature_transport_separation" time="0.018" /><testcase classname="tests.test_board_events.BoardEventStoreTests" name="test_limit_is_bounded_and_validated" time="0.018" /><testcase classname="tests.test_board_events.BoardEventStoreTests" name="test_limited_status_transitions" time="0.019" /><testcase classname="tests.test_board_events.BoardEventStoreTests" name="test_ordering_is_created_at_then_event_id" time="0.023" /><testcase classname="tests.test_board_events.BoardEventStoreTests" name="test_pending_and_counts_can_be_target_scoped" time="0.021" /><testcase classname="tests.test_board_events.BoardEventStoreTests" name="test_pending_rejects_events_that_expire_while_stored" time="0.021" /><testcase classname="tests.test_board_events.BoardEventStoreTests" name="test_replay_same_and_different_valid_envelope_is_idempotent" time="0.019" /><testcase classname="tests.test_board_events.BoardEventStoreTests" name="test_schema_and_rows_persist_after_clean_reopen" time="0.021" /><testcase classname="tests.test_board_events.BoardEventStoreTests" name="test_stale_claim_requeues_below_cap_then_holds_at_cap" time="0.023" /><testcase classname="tests.test_board_events.BoardEventStoreTests" name="test_store_requires_nonempty_secret_at_init_or_ingest" time="0.029" /><testcase classname="tests.test_board_events.BoardEventStoreTests" name="test_wrong_or_missing_hmac_fails_without_writing" time="0.019" /><testcase classname="tests.test_board_events.NoOutboundAndNoSecretLoggingTests" name="test_module_has_no_network_import_or_logging_calls" time="0.002" /><testcase classname="tests.test_brain_probe.TestUnarmed" name="test_never_prints_the_key" time="0.494" /><testcase classname="tests.test_brain_probe.TestUnarmed" name="test_refuses_without_a_key_and_spends_nothing" time="0.469" /><testcase classname="tests.test_brain_probe.TestHappyPath" name="test_a_successful_probe_reports_and_exits_clean" time="0.467" /><testcase classname="tests.test_brain_probe.TestHappyPath" name="test_billed_tokens_include_the_invisible_multiplier" time="0.506" /><testcase classname="tests.test_brain_probe.TestHappyPath" name="test_canary_never_reaches_the_wire" time="0.455" /><testcase classname="tests.test_brain_probe.TestHappyPath" name="test_one_call_only" time="0.442" /><testcase classname="tests.test_brain_probe.TestHappyPath" name="test_the_fast_rung_is_used_not_the_deep_one" time="0.931" /><testcase classname="tests.test_brain_probe.TestProviderFailure" name="test_a_rejected_key_fails_loudly_and_nonzero" time="0.895" /><testcase classname="tests.test_brain_probe.TestDeepRung" name="test_deep_call_carries_the_reasoning_effort" time="0.442" /><testcase classname="tests.test_brain_probe.TestDeepRung" name="test_deep_flag_uses_the_deep_model" time="0.457" /><testcase classname="tests.test_brain_probe.TestDeepRung" name="test_deep_is_skipped_unless_asked" time="0.474" /><testcase classname="tests.test_brain_probe.TestDeepRung" name="test_the_deep_call_is_billed_at_the_deep_multiplier" time="0.482" /><testcase classname="tests.test_brain_probe.TestDeepRung" name="test_the_deep_result_is_reported_as_the_deep_rung" time="0.925" /><testcase classname="tests.test_brain_schema" name="test_frozen_lock_matches" time="0.002" /><testcase classname="tests.test_brain_schema" name="test_windows_crlf_checkout_is_a_known_hash_not_the_source" time="0.001" /><testcase classname="tests.test_brain_schema" name="test_hashed_contract_checkout_is_pinned_lf" time="0.001" /><testcase classname="tests.test_brain_schema" name="test_content_edit_breaks_lock" time="0.001" /><testcase classname="tests.test_brain_schema" name="test_lone_cr_normalizes_to_same_lock" time="0.002" /><testcase classname="tests.test_brain_schema" name="test_event_vocabularies" time="0.001" /><testcase classname="tests.test_brain_schema" name="test_action_vocabularies" time="0.001" /><testcase classname="tests.test_brain_schema" name="test_may_authorize_always_false" time="0.000" /><testcase classname="tests.test_brain_schema" name="test_invalid_business_rejected" time="0.000" /><testcase classname="tests.test_brain_schema" name="test_invalid_event_type_rejected" time="0.001" /><testcase classname="tests.test_brain_schema" name="test_invalid_confidence_rejected" time="0.001" /><testcase classname="tests.test_brain_schema" name="test_confidence_zero_valid" time="0.000" /><testcase classname="tests.test_brain_wake" name="test_quiet_period_is_honest_noop" time="0.119" /><testcase classname="tests.test_brain_wake" name="test_worthy_events_build_real_envelope" time="0.016" /><testcase classname="tests.test_brain_wake" name="test_noise_events_do_not_wake" time="0.010" /><testcase classname="tests.test_brain_wake" name="test_state_dedup_prevents_double_wake" time="0.018" /><testcase classname="tests.test_brain_wake" name="test_writer_touches_only_allowed_paths" time="0.011" /><testcase classname="tests.test_brain_wire.TestTheFirstQuestionHasAKnownAnswer" name="test_a_correct_answer_wrapped_in_prose_still_agrees" time="0.001" /><testcase classname="tests.test_brain_wire.TestTheFirstQuestionHasAKnownAnswer" name="test_a_wrong_answer_disagrees" time="0.001" /><testcase classname="tests.test_brain_wire.TestTheFirstQuestionHasAKnownAnswer" name="test_an_answer_with_no_number_is_unreadable_not_wrong" time="0.001" /><testcase classname="tests.test_brain_wire.TestTheFirstQuestionHasAKnownAnswer" name="test_every_question_carries_its_own_answer" time="0.001" /><testcase classname="tests.test_brain_wire.TestTheFirstQuestionHasAKnownAnswer" name="test_persian_digits_are_read" time="0.001" /><testcase classname="tests.test_brain_wire.TestTheFirstQuestionHasAKnownAnswer" name="test_silence_is_refusal" time="0.001" /><testcase classname="tests.test_brain_wire.TestTheFirstQuestionHasAKnownAnswer" name="test_the_questions_are_trivial_on_purpose" time="0.001" /><testcase classname="tests.test_brain_wire.TestTheSummaryDoesNotOverclaim" name="test_a_silent_provider_is_not_called_a_substitution" time="0.001" /><testcase classname="tests.test_brain_wire.TestTheSummaryDoesNotOverclaim" name="test_a_substitution_is_named" time="0.001" /><testcase classname="tests.test_brain_wire.TestTheSummaryDoesNotOverclaim" name="test_all_agreed_is_usable" time="0.001" /><testcase classname="tests.test_brain_wire.TestTheSummaryDoesNotOverclaim" name="test_nothing_asked_is_not_usable" time="0.001" /><testcase classname="tests.test_brain_wire.TestTheSummaryDoesNotOverclaim" name="test_one_disagreement_is_not_usable" time="0.001" /><testcase classname="tests.test_brain_wire.TestCallBudgetIsPerRung" name="test_a_failed_call_still_counts" time="0.001" /><testcase classname="tests.test_brain_wire.TestCallBudgetIsPerRung" name="test_a_negative_or_bool_cap_is_refused" time="0.001" /><testcase classname="tests.test_brain_wire.TestCallBudgetIsPerRung" name="test_a_new_day_starts_again" time="0.001" /><testcase classname="tests.test_brain_wire.TestCallBudgetIsPerRung" name="test_a_rung_with_no_declared_cap_is_refused" time="0.001" /><testcase classname="tests.test_brain_wire.TestCallBudgetIsPerRung" name="test_day_index_moves_at_the_boundary" time="0.001" /><testcase classname="tests.test_brain_wire.TestCallBudgetIsPerRung" name="test_old_days_do_not_accumulate_for_ever" time="0.001" /><testcase classname="tests.test_brain_wire.TestCallBudgetIsPerRung" name="test_the_ceiling_is_exclusive" time="0.001" /><testcase classname="tests.test_brain_wire.TestCallBudgetIsPerRung" name="test_the_expensive_rung_has_the_tighter_ceiling" time="0.000" /><testcase classname="tests.test_brain_wire.TestCallBudgetIsPerRung" name="test_the_rungs_are_counted_separately" time="0.001" /><testcase classname="tests.test_brain_wire.TestCallBudgetIsPerRung" name="test_zero_means_uncapped_and_only_free_rungs_have_it" time="0.001" /><testcase classname="tests.test_brain_wire.TestThePartnerSurfaceReachesTheBrainOnlyThroughTheGuard" name="test_nothing_but_the_rendered_request_is_sent" time="0.003" /><testcase classname="tests.test_brain_wire.TestThePartnerSurfaceReachesTheBrainOnlyThroughTheGuard" name="test_reading_is_free_and_asking_is_not" time="0.001" /><testcase classname="tests.test_brain_wire.TestThePartnerSurfaceReachesTheBrainOnlyThroughTheGuard" name="test_the_brain_routes_are_owner_only" time="0.006" /><testcase classname="tests.test_brain_wire.TestThePartnerSurfaceReachesTheBrainOnlyThroughTheGuard" name="test_the_only_partner_path_to_a_model_goes_via_the_advisor" time="0.001" /><testcase classname="tests.test_brain_wire.TestThePartnerSurfaceReachesTheBrainOnlyThroughTheGuard" name="test_the_partner_surface_never_touches_the_worker_or_the_router" time="0.005" /><testcase classname="tests.test_brain_wire.TestThePartnerSurfaceReachesTheBrainOnlyThroughTheGuard" name="test_the_studio_surface_does_not_call_a_model" time="0.002" /><testcase classname="tests.test_brain_wire.TestThePartnerSurfaceReachesTheBrainOnlyThroughTheGuard" name="test_the_studio_write_paths_still_reach_no_model" time="0.003" /><testcase classname="tests.test_budget_class.StructuralPins" name="test_does_not_claim_immutable" time="0.001" /><testcase classname="tests.test_budget_class.StructuralPins" name="test_does_not_mint_credit" time="0.001" /><testcase classname="tests.test_budget_class.StructuralPins" name="test_does_not_promote_ready_to_send" time="0.000" /><testcase classname="tests.test_budget_class.StructuralPins" name="test_grants_send_is_false" time="0.000" /><testcase classname="tests.test_budget_class.StructuralPins" name="test_halt_does_not_block_budget" time="0.001" /><testcase classname="tests.test_budget_class.StructuralPins" name="test_proposal_is_not_execution" time="0.001" /><testcase classname="tests.test_budget_class.StructuralPins" name="test_ready_is_not_authorized" time="0.001" /><testcase classname="tests.test_budget_class.StructuralPins" name="test_signature_has_no_send_halt_or_resend_knob" time="0.001" /><testcase classname="tests.test_budget_class.StructuralPins" name="test_timeout_does_not_prove_concurrent" time="0.001" /><testcase classname="tests.test_budget_class.StructuralPins" name="test_unknown_is_not_false" time="0.000" /><testcase classname="tests.test_budget_class.StructuralPins" name="test_unknown_tokens_are_not_zero" time="0.001" /><testcase classname="tests.test_budget_class.StructuralPins" name="test_vocabularies_are_closed" time="0.001" /><testcase classname="tests.test_budget_class.AdmitObserveDebit" name="test_debit_within_remaining" time="0.001" /><testcase classname="tests.test_budget_class.AdmitObserveDebit" name="test_debit_zero_on_zero_ceiling" time="0.001" /><testcase classname="tests.test_budget_class.AdmitObserveDebit" name="test_observe_each_surface_when_verified" time="0.001" /><testcase classname="tests.test_budget_class.AdmitObserveDebit" name="test_observe_when_verified" time="0.001" /><testcase classname="tests.test_budget_class.RefuseUnsafe" name="test_credit_refused" time="0.001" /><testcase classname="tests.test_budget_class.RefuseUnsafe" name="test_grant_send_refused" time="0.001" /><testcase classname="tests.test_budget_class.RefuseUnsafe" name="test_over_remaining_exhausted" time="0.001" /><testcase classname="tests.test_budget_class.RefuseUnsafe" name="test_zero_ceiling_nonzero_request_exhausted" time="0.001" /><testcase classname="tests.test_budget_class.TimeoutAndUnknown" name="test_bool_tokens_fail_closed" time="0.001" /><testcase classname="tests.test_budget_class.TimeoutAndUnknown" name="test_credit_still_refused_when_unknown" time="0.001" /><testcase classname="tests.test_budget_class.TimeoutAndUnknown" name="test_negative_tokens_fail_closed" time="0.001" /><testcase classname="tests.test_budget_class.TimeoutAndUnknown" name="test_none_tokens_fail_closed" time="0.001" /><testcase classname="tests.test_budget_class.TimeoutAndUnknown" name="test_suspected_concurrent_blocks_debit" time="0.001" /><testcase classname="tests.test_budget_class.TimeoutAndUnknown" name="test_timed_out_must_be_exact_bool" time="0.001" /><testcase classname="tests.test_budget_class.TimeoutAndUnknown" name="test_timeout_outranks_concurrent" time="0.001" /><testcase classname="tests.test_budget_class.TimeoutAndUnknown" name="test_unknown_activity_is_unknown_not_false" time="0.001" /><testcase classname="tests.test_budget_class.TimeoutAndUnknown" name="test_unknown_intent_fails_closed" time="0.001" /><testcase classname="tests.test_budget_class.TimeoutAndUnknown" name="test_unknown_surface_fails_closed" time="0.001" /><testcase classname="tests.test_budget_class.SealedNames" name="test_decision_cannot_grant_send" time="0.001" /><testcase classname="tests.test_budget_class.SealedNames" name="test_sealed_intent_fails_closed" time="0.001" /><testcase classname="tests.test_budget_class.SealedNames" name="test_sealed_surface_fails_closed" time="0.001" /><testcase classname="tests.test_budget_class.DistinctFromCeiling" name="test_module_is_not_token_ceiling" time="0.001" /><testcase classname="tests.test_budget_class.DistinctFromCeiling" name="test_run_store_does_not_import_budget_class" time="0.001" /><testcase classname="tests.test_business_source_export.PaintingExportTests" name="test_deterministic_and_stably_ordered" time="0.083" /><testcase classname="tests.test_business_source_export.PaintingExportTests" name="test_none_vs_unknown_preserved" time="0.015" /><testcase classname="tests.test_business_source_export.PaintingExportTests" name="test_redacts_pii_and_hashes_identity" time="0.083" /><testcase classname="tests.test_business_source_export.ZimanExportTests" name="test_duplicate_internal_id_exports_once" time="0.090" /><testcase classname="tests.test_business_source_export.ZimanExportTests" name="test_fields_costs_price_and_id_ordering" time="0.081" /><testcase classname="tests.test_business_source_export.RobustnessTests" name="test_empty_and_missing_sources_export_empty" time="0.076" /><testcase classname="tests.test_business_source_export.RobustnessTests" name="test_every_line_schema_valid" time="0.156" /><testcase classname="tests.test_business_source_export.RobustnessTests" name="test_malformed_row_tolerated_with_warning_line" time="0.075" /><testcase classname="tests.test_business_source_export.RobustnessTests" name="test_sources_are_not_mutated" time="0.157" /><testcase classname="tests.test_business_source_export.RobustnessTests" name="test_unknown_lane_rejected" time="0.002" /><testcase classname="tests.test_callbudget.ExactIntClock" name="test_allows_spent_record_report_share_the_clock_gate" time="0.001" /><testcase classname="tests.test_callbudget.ExactIntClock" name="test_bool_float_str_negative_refused" time="0.002" /><testcase classname="tests.test_callbudget.ExactIntClock" name="test_day_index_refuses_coerced_clocks" time="0.002" /><testcase classname="tests.test_callbudget.ExactIntClock" name="test_require_epoch_s_accepts_non_negative_int" time="0.001" /><testcase classname="tests.test_callbudget.CapsAreCaps" name="test_remote_hundredth_is_last_allowed" time="0.001" /><testcase classname="tests.test_callbudget.CapsAreCaps" name="test_rules_rung_stays_open_after_remote_exhausted" time="0.001" /><testcase classname="tests.test_callbudget.CapsAreCaps" name="test_yaml_daily_caps_match_default_caps" time="0.001" /><testcase classname="tests.test_callbudget.HaltIsNotAParameter" name="test_allows_and_record_have_no_halted_kwarg" time="0.001" /><testcase classname="tests.test_callbudget.ReadyIsNotAuthorized" name="test_grants_send_is_structurally_false" time="0.001" /><testcase classname="tests.test_callbudget.ReadyIsNotAuthorized" name="test_report_rung_keys_only" time="0.001" /><testcase classname="tests.test_callbudget.ReadyIsNotAuthorized" name="test_send_and_ready_names_are_listed_but_not_granted" time="0.001" /><testcase classname="tests.test_campaign_bind.ClassifyState" name="test_bool_int_fail_closed" time="0.001" /><testcase classname="tests.test_campaign_bind.ClassifyState" name="test_canonical_ready_is_campaign_ready" time="0.001" /><testcase classname="tests.test_campaign_bind.ClassifyState" name="test_empty_fails_closed" time="0.001" /><testcase classname="tests.test_campaign_bind.ClassifyState" name="test_hyphen_and_case_aliases" time="0.001" /><testcase classname="tests.test_campaign_bind.ClassifyState" name="test_none_is_unknown_not_false" time="0.001" /><testcase classname="tests.test_campaign_bind.ClassifyState" name="test_quote_sent_fails_closed" time="0.001" /><testcase classname="tests.test_campaign_bind.ClassifyState" name="test_send_authorized_fails_closed" time="0.001" /><testcase classname="tests.test_campaign_bind.ClassifyState" name="test_unknown_string_fails_closed" time="0.001" /><testcase classname="tests.test_campaign_bind.BindReady" name="test_bind_records_canonical_name" time="0.001" /><testcase classname="tests.test_campaign_bind.BindReady" name="test_frozen_cannot_retcon_to_send" time="0.001" /><testcase classname="tests.test_campaign_bind.BindReady" name="test_missing_on_explicit_bind_fails_closed" time="0.001" /><testcase classname="tests.test_campaign_bind.BindReady" name="test_try_bind_missing_is_none" time="0.001" /><testcase classname="tests.test_campaign_bind.BindReady" name="test_try_bind_present_bad_still_fails" time="0.001" /><testcase classname="tests.test_campaign_bind.BindReady" name="test_try_bind_success" time="0.001" /><testcase classname="tests.test_campaign_bind.StructuralRefusals" name="test_classify_has_no_halt_or_now_parameter" time="0.001" /><testcase classname="tests.test_campaign_bind.StructuralRefusals" name="test_does_not_claim_immutable" time="0.001" /><testcase classname="tests.test_campaign_bind.StructuralRefusals" name="test_grants_send_is_structurally_false" time="0.001" /><testcase classname="tests.test_campaign_bind.StructuralRefusals" name="test_halt_does_not_block_bind" time="0.001" /><testcase classname="tests.test_campaign_bind.StructuralRefusals" name="test_ready_is_not_authorized" time="0.001" /><testcase classname="tests.test_campaign_bind.StructuralRefusals" name="test_timeout_does_not_prove_writer" time="0.001" /><testcase classname="tests.test_campaign_bind.StructuralRefusals" name="test_unknown_is_not_false" time="0.001" /><testcase classname="tests.test_campaign_bind.NotWiredIntoStore" name="test_run_store_does_not_import_these_modules" time="0.001" /><testcase classname="tests.test_capability_token.SourcePark" name="test_d26_kernel_adapters_copies_absent" time="0.001" /><testcase classname="tests.test_capability_token.SourcePark" name="test_grants_send_structurally_false" time="0.003" /><testcase classname="tests.test_capability_token.SourcePark" name="test_ready_is_not_authorized" time="0.002" /><testcase classname="tests.test_capability_token.SourcePark" name="test_source_has_no_transport_import" time="0.001" /><testcase classname="tests.test_capability_token.SourcePark" name="test_transport_file_absent" time="0.001" /><testcase classname="tests.test_capability_token.VerifiedSendPark" name="test_action_mismatch_denied" time="0.004" /><testcase classname="tests.test_capability_token.VerifiedSendPark" name="test_bad_mac_denied_not_sent" time="0.004" /><testcase classname="tests.test_capability_token.VerifiedSendPark" name="test_expired_denied" time="0.004" /><testcase classname="tests.test_capability_token.VerifiedSendPark" name="test_good_token_still_parked" time="0.004" /><testcase classname="tests.test_capability_token.VerifiedSendPark" name="test_missing_secret_fail_closed" time="0.004" /><testcase classname="tests.test_capability_token.VerifiedSendPark" name="test_subject_mismatch_denied" time="0.004" /><testcase classname="tests.test_capability_token.VerifiedSendPark" name="test_verified_send_does_not_call_transport" time="0.005" /><testcase classname="tests.test_capability_token.VerifiedSendPark" name="test_wire_closed_still_parked" time="0.005" /><testcase classname="tests.test_capability_token.IssueVerify" name="test_issue_verify_roundtrip" time="0.004" /><testcase classname="tests.test_capability_token.IssueVerify" name="test_request_send_token_halted" time="0.004" /><testcase classname="tests.test_census_class.StructuralPins" name="test_allowed_cannot_be_prune" time="0.001" /><testcase classname="tests.test_census_class.StructuralPins" name="test_allowed_decision_refuses_sealed_names" time="0.001" /><testcase classname="tests.test_census_class.StructuralPins" name="test_allowed_must_not_carry_a_reason" time="0.001" /><testcase classname="tests.test_census_class.StructuralPins" name="test_allowed_write_requires_verified" time="0.001" /><testcase classname="tests.test_census_class.StructuralPins" name="test_body_missing_is_not_a_valid_label" time="0.001" /><testcase classname="tests.test_census_class.StructuralPins" name="test_constructor_refuses_grants_send_true" time="0.001" /><testcase classname="tests.test_census_class.StructuralPins" name="test_does_not_claim_immutable" time="0.000" /><testcase classname="tests.test_census_class.StructuralPins" name="test_does_not_promote_ready_to_send" time="0.000" /><testcase classname="tests.test_census_class.StructuralPins" name="test_does_not_prune" time="0.000" /><testcase classname="tests.test_census_class.StructuralPins" name="test_grants_send_is_false" time="0.001" /><testcase classname="tests.test_census_class.StructuralPins" name="test_halt_does_not_block_census" time="0.001" /><testcase classname="tests.test_census_class.StructuralPins" name="test_non_sealed_refusal_cannot_carry_a_sealed_path" time="0.001" /><testcase classname="tests.test_census_class.StructuralPins" name="test_proposal_is_not_execution" time="0.001" /><testcase classname="tests.test_census_class.StructuralPins" name="test_ready_is_not_authorized" time="0.001" /><testcase classname="tests.test_census_class.StructuralPins" name="test_refused_requires_known_reason" time="0.001" /><testcase classname="tests.test_census_class.StructuralPins" name="test_sealed_effect_refusal_names_the_subject" time="0.001" /><testcase classname="tests.test_census_class.StructuralPins" name="test_signature_has_no_send_halt_or_resend_knob" time="0.001" /><testcase classname="tests.test_census_class.StructuralPins" name="test_timed_out_must_be_exact_bool" time="0.001" /><testcase classname="tests.test_census_class.StructuralPins" name="test_timeout_does_not_prove_concurrent" time="0.001" /><testcase classname="tests.test_census_class.StructuralPins" name="test_unknown_is_not_false" time="0.001" /><testcase classname="tests.test_census_class.ClosedVocabularies" name="test_activities" time="0.001" /><testcase classname="tests.test_census_class.ClosedVocabularies" name="test_disk_labels_exclude_body_missing" time="0.001" /><testcase classname="tests.test_census_class.ClosedVocabularies" name="test_intents" time="0.001" /><testcase classname="tests.test_census_class.ClosedVocabularies" name="test_statuses" time="0.001" /><testcase classname="tests.test_census_class.StatusDerivation" name="test_concurrent_is_suspected" time="0.001" /><testcase classname="tests.test_census_class.StatusDerivation" name="test_idle_is_verified" time="0.001" /><testcase classname="tests.test_census_class.StatusDerivation" name="test_timeout_outranks_concurrent" time="0.001" /><testcase classname="tests.test_census_class.StatusDerivation" name="test_timeout_outranks_idle" time="0.001" /><testcase classname="tests.test_census_class.StatusDerivation" name="test_unknown_activity_is_unknown" time="0.001" /><testcase classname="tests.test_census_class.StatusDerivation" name="test_unknown_activity_token_fails_closed" time="0.001" /><testcase classname="tests.test_census_class.ObserveIsReadOnlyInventory" name="test_observe_body_not_on_this_host_is_admitted" time="0.001" /><testcase classname="tests.test_census_class.ObserveIsReadOnlyInventory" name="test_observe_concurrent_is_admitted_as_suspected" time="0.001" /><testcase classname="tests.test_census_class.ObserveIsReadOnlyInventory" name="test_observe_idle_is_verified_and_admitted" time="0.001" /><testcase classname="tests.test_census_class.ObserveIsReadOnlyInventory" name="test_observe_timeout_is_unknown_not_suspected" time="0.001" /><testcase classname="tests.test_census_class.ObserveIsReadOnlyInventory" name="test_observe_unknown_is_admitted_as_unknown" time="0.001" /><testcase classname="tests.test_census_class.ObserveIsReadOnlyInventory" name="test_replay_is_byte_identical" time="0.001" /><testcase classname="tests.test_census_class.WriteAdmission" name="test_write_body_not_on_this_host_is_refused" time="0.001" /><testcase classname="tests.test_census_class.WriteAdmission" name="test_write_concurrent_is_refused" time="0.001" /><testcase classname="tests.test_census_class.WriteAdmission" name="test_write_idle_verified_is_admitted" time="0.001" /><testcase classname="tests.test_census_class.WriteAdmission" name="test_write_timeout_is_unknown_not_suspected" time="0.001" /><testcase classname="tests.test_census_class.WriteAdmission" name="test_write_unknown_is_refused" time="0.001" /><testcase classname="tests.test_census_class.PruneIsNeverAdmitted" name="test_prune_idle_is_refused" time="0.001" /><testcase classname="tests.test_census_class.PruneIsNeverAdmitted" name="test_prune_unknown_is_still_refused" time="0.001" /><testcase classname="tests.test_census_class.UnknownFailsClosed" name="test_body_missing_fails_closed" time="0.001" /><testcase classname="tests.test_census_class.UnknownFailsClosed" name="test_bool_path_fails_closed" time="0.000" /><testcase classname="tests.test_census_class.UnknownFailsClosed" name="test_empty_path_fails_closed" time="0.001" /><testcase classname="tests.test_census_class.UnknownFailsClosed" name="test_timed_out_must_be_exact_bool" time="0.001" /><testcase classname="tests.test_census_class.UnknownFailsClosed" name="test_unknown_activity_is_not_classified_false" time="0.001" /><testcase classname="tests.test_census_class.UnknownFailsClosed" name="test_unknown_intended_is_not_classified_false" time="0.001" /><testcase classname="tests.test_census_class.SealedNameRefusesCensus" name="test_ready_and_authorized_stay_distinct_subjects" time="0.002" /><testcase classname="tests.test_census_class.SealedNameRefusesCensus" name="test_sealed_path_aliases" time="0.003" /><testcase classname="tests.test_chaos_arbiter_claim.ScenarioMissingLanPortsDoNotKillLoopback" name="test_lan_gap_is_unknown_with_alternatives" time="0.001" /><testcase classname="tests.test_chaos_arbiter_claim.ScenarioDiskAbsenceIsThisHostOnly" name="test_missing_disk_is_not_body_missing" time="0.001" /><testcase classname="tests.test_chaos_arbiter_claim.ScenarioTimeoutIsNotAWriter" name="test_timeout_does_not_prove_concurrent_write" time="0.001" /><testcase classname="tests.test_chaos_arbiter_claim.ScenarioIdentityContradictionStopsTheSession" name="test_claimed_address_mismatch_fails_closed" time="0.001" /><testcase classname="tests.test_chaos_arbiter_claim.ScenarioClassificationSurvivesHaltVocabulary" name="test_mint_has_no_halt_switch" time="0.001" /><testcase classname="tests.test_chaos_arch_contract.Scenario1DeadSourceIsUnknownNotFalse" name="test_unknown_contract_is_not_classified_false" time="0.001" /><testcase classname="tests.test_chaos_arch_contract.Scenario1DeadSourceIsUnknownNotFalse" name="test_unknown_pin_contract_is_not_classified_false" time="0.001" /><testcase classname="tests.test_chaos_arch_contract.Scenario2ArmTimeoutOthersContinue" name="test_one_arm_timeout_does_not_refuse_sibling_observe" time="0.001" /><testcase classname="tests.test_chaos_arch_contract.Scenario2ArmTimeoutOthersContinue" name="test_timeout_does_not_prove_concurrent_write" time="0.001" /><testcase classname="tests.test_chaos_arch_contract.Scenario3ThreeArmsInFlight" name="test_three_arms_admit_observe" time="0.001" /><testcase classname="tests.test_chaos_arch_contract.Scenario4DuplicateDeliveryStillNotASend" name="test_second_identical_bind_is_not_a_send" time="0.001" /><testcase classname="tests.test_chaos_arch_contract.Scenario4DuplicateDeliveryStillNotASend" name="test_second_identical_pin_is_not_a_send" time="0.001" /><testcase classname="tests.test_chaos_arch_contract.Scenario5SealedNameStopsThatRowOnly" name="test_sealed_arm_refused_sibling_observe_continues" time="0.001" /><testcase classname="tests.test_chaos_arch_contract.Scenario6GlobalHaltIsNotABindParameter" name="test_halt_does_not_block_bind_or_pin" time="0.001" /><testcase classname="tests.test_chaos_arch_contract.Scenario6GlobalHaltIsNotABindParameter" name="test_no_halt_knob_to_rearm_send" time="0.001" /><testcase classname="tests.test_chaos_arch_contract.Scenario7ReversibleRecoveryWithoutOwner" name="test_mutate_is_never_recovery" time="0.001" /><testcase classname="tests.test_chaos_arch_contract.Scenario7ReversibleRecoveryWithoutOwner" name="test_resume_is_an_observe_and_not_a_send" time="0.001" /><testcase classname="tests.test_chaos_arch_contract.ReadyNeverEqualsAuthorized" name="test_campaign_ready_and_send_authorized_are_both_sealed" time="0.001" /><testcase classname="tests.test_chaos_arch_contract.ReadyNeverEqualsAuthorized" name="test_pin_refuses_both_ready_and_authorized" time="0.001" /><testcase classname="tests.test_chaos_arm_isolate.Scenario2TimeoutIsolatesOneArm" name="test_one_timeout_does_not_stop_the_roster" time="0.001" /><testcase classname="tests.test_chaos_arm_isolate.Scenario2TimeoutIsolatesOneArm" name="test_two_timeouts_still_leave_the_rest" time="0.001" /><testcase classname="tests.test_chaos_arm_isolate.ScenarioTimeoutIsNotConcurrentWrite" name="test_elapsed_budget_is_not_a_second_body" time="0.001" /><testcase classname="tests.test_chaos_arm_isolate.ScenarioHaltDoesNotFreezeInFlightIsolation" name="test_note_timeout_has_no_halt_switch" time="0.001" /><testcase classname="tests.test_chaos_arm_isolate.ScenarioUnparkNeedsOwner" name="test_recovery_without_owner_cannot_unpark" time="0.001" /><testcase classname="tests.test_chaos_budget_otel.Scenario1MissingIsUnknownNotFalse" name="test_unknown_kind_is_refused_not_false" time="0.001" /><testcase classname="tests.test_chaos_budget_otel.Scenario2TimeoutDoesNotProveWriter" name="test_timeout_on_debit_is_unknown" time="0.001" /><testcase classname="tests.test_chaos_budget_otel.Scenario3HaltStopsStartsNotClassify" name="test_corrupt_halt_is_halted_and_admit_has_no_halt_param" time="0.001" /><testcase classname="tests.test_chaos_budget_otel.Scenario4ArmFailureDoesNotInventSend" name="test_exhausted_ceiling_does_not_grant_send" time="0.001" /><testcase classname="tests.test_chaos_budget_otel.Scenario5ReadyStaysUnsent" name="test_sealed_names_cannot_become_a_bind" time="0.001" /><testcase classname="tests.test_chaos_budget_otel.Scenario6DisagreementIsRecordedNotGuessed" name="test_export_is_not_rewritten_to_bind" time="0.001" /><testcase classname="tests.test_chaos_budget_otel.Scenario7RecoveryNeedsNoOwner" name="test_observe_and_bind_are_deterministic" time="0.001" /><testcase classname="tests.test_chaos_campaign_bind.Scenario1MissingIsUnknownNotFalse" name="test_missing_is_unknown" time="0.001" /><testcase classname="tests.test_chaos_campaign_bind.Scenario2TimeoutDoesNotProveWriter" name="test_timeout_flag_is_structurally_false" time="0.001" /><testcase classname="tests.test_chaos_campaign_bind.Scenario3HaltStopsStartsNotFence" name="test_corrupt_halt_is_halted_and_classify_has_no_halt_param" time="0.001" /><testcase classname="tests.test_chaos_campaign_bind.Scenario4ArmFailureDoesNotInventSend" name="test_refused_promotion_does_not_grant_send" time="0.001" /><testcase classname="tests.test_chaos_campaign_bind.Scenario5ReadyStaysUnsent" name="test_ready_cannot_become_quote_sent" time="0.001" /><testcase classname="tests.test_chaos_campaign_bind.Scenario6DisagreementIsRecordedNotGuessed" name="test_ready_admit_is_false_missing_is_none" time="0.001" /><testcase classname="tests.test_chaos_campaign_bind.Scenario7RecoveryNeedsNoOwner" name="test_rebind_is_deterministic_and_later_disarm_holds" time="0.001" /><testcase classname="tests.test_chaos_capability_token.OwnerAbsentPark" name="test_empty_candidate_does_not_send" time="0.005" /><testcase classname="tests.test_chaos_capability_token.OwnerAbsentPark" name="test_halt_does_not_grant_send" time="0.003" /><testcase classname="tests.test_chaos_capability_token.OwnerAbsentPark" name="test_missing_transport_is_not_a_send" time="0.004" /><testcase classname="tests.test_chaos_capability_token.OwnerAbsentPark" name="test_owner_absent_valid_token_still_parked" time="0.004" /><testcase classname="tests.test_chaos_capability_token.OwnerAbsentPark" name="test_ready_name_stays_distinct_from_send" time="0.003" /><testcase classname="tests.test_chaos_capability_token.OwnerAbsentPark" name="test_timeout_does_not_prove_send" time="0.004" /><testcase classname="tests.test_chaos_census_class.Scenario1DeadSourceIsUnknownNotFalse" name="test_unknown_activity_is_not_classified_false" time="0.001" /><testcase classname="tests.test_chaos_census_class.Scenario1DeadSourceIsUnknownNotFalse" name="test_unknown_intended_is_not_classified_false" time="0.001" /><testcase classname="tests.test_chaos_census_class.Scenario2ArmTimeoutOthersContinue" name="test_one_arm_timeout_does_not_refuse_sibling_observe" time="0.001" /><testcase classname="tests.test_chaos_census_class.Scenario2ArmTimeoutOthersContinue" name="test_timeout_does_not_prove_concurrent_write" time="0.001" /><testcase classname="tests.test_chaos_census_class.Scenario3ThreeArmsInFlight" name="test_three_arms_admit_observe" time="0.001" /><testcase classname="tests.test_chaos_census_class.Scenario4DuplicateDeliveryStillNotASend" name="test_second_identical_admit_is_not_a_send" time="0.001" /><testcase classname="tests.test_chaos_census_class.Scenario5SealedNameStopsThatRowOnly" name="test_sealed_arm_refused_sibling_observe_continues" time="0.001" /><testcase classname="tests.test_chaos_census_class.Scenario6GlobalHaltIsNotACensusParameter" name="test_halt_does_not_block_inventory" time="0.001" /><testcase classname="tests.test_chaos_census_class.Scenario6GlobalHaltIsNotACensusParameter" name="test_no_halt_knob_to_rearm_send" time="0.001" /><testcase classname="tests.test_chaos_census_class.Scenario7ReversibleRecoveryWithoutOwner" name="test_prune_is_never_recovery" time="0.001" /><testcase classname="tests.test_chaos_census_class.Scenario7ReversibleRecoveryWithoutOwner" name="test_resume_is_an_observe_and_not_a_send" time="0.001" /><testcase classname="tests.test_chaos_census_class.ReadyNeverEqualsAuthorized" name="test_campaign_ready_and_send_authorized_are_both_sealed" time="0.001" /><testcase classname="tests.test_chaos_clock_bind.Scenario1MissingIsUnknownNotFalse" name="test_missing_epoch_is_none_not_zero" time="0.001" /><testcase classname="tests.test_chaos_clock_bind.Scenario1MissingIsUnknownNotFalse" name="test_missing_stamp_is_unknown" time="0.001" /><testcase classname="tests.test_chaos_clock_bind.Scenario2TimeoutDoesNotProveWriter" name="test_a_timeout_error_is_not_a_bind" time="0.001" /><testcase classname="tests.test_chaos_clock_bind.Scenario2TimeoutDoesNotProveWriter" name="test_timeout_predicate_is_structurally_false" time="0.001" /><testcase classname="tests.test_chaos_clock_bind.Scenario3HaltStopsStartsNotBind" name="test_corrupt_halt_is_halted_and_bind_still_has_no_halt_param" time="0.001" /><testcase classname="tests.test_chaos_clock_bind.Scenario4ArmFailureDoesNotInventSend" name="test_failed_bind_does_not_grant_send" time="0.001" /><testcase classname="tests.test_chaos_clock_bind.Scenario5ReadyStaysUnsent" name="test_sealed_names_cannot_be_stamps" time="0.001" /><testcase classname="tests.test_chaos_clock_bind.Scenario6DisagreementIsRecordedNotGuessed" name="test_disagreeing_pair_is_false_missing_is_none" time="0.001" /><testcase classname="tests.test_chaos_clock_bind.Scenario7RecoveryNeedsNoOwner" name="test_rebind_same_pair_is_deterministic" time="0.001" /><testcase classname="tests.test_chaos_close_deadline.ScenarioCloseDoesNotHaltSiblings" name="test_closed_arm_refuses_while_siblings_append" time="0.001" /><testcase classname="tests.test_chaos_close_deadline.ScenarioCloseDoesNotHaltSiblings" name="test_recovery_closes_then_starts_a_new_id" time="0.001" /><testcase classname="tests.test_chaos_close_deadline.ScenarioDeadlineExpiresOneArmOnly" name="test_equal_deadline_parks_that_run_only" time="0.001" /><testcase classname="tests.test_chaos_close_deadline.HaltDoesNotBlockInFlight" name="test_close_and_deadline_have_no_halt_switch" time="0.001" /><testcase classname="tests.test_chaos_dual_record.Scenario1DeadSourceIsUnknownNotFalse" name="test_unknown_level_is_not_classified_false" time="0.001" /><testcase classname="tests.test_chaos_dual_record.Scenario1DeadSourceIsUnknownNotFalse" name="test_unknown_vantage_is_not_classified_false" time="0.001" /><testcase classname="tests.test_chaos_dual_record.Scenario2ArmTimeoutOthersContinue" name="test_one_arm_timeout_does_not_refuse_siblings" time="0.001" /><testcase classname="tests.test_chaos_dual_record.Scenario2ArmTimeoutOthersContinue" name="test_timeout_does_not_prove_concurrent_write" time="0.001" /><testcase classname="tests.test_chaos_dual_record.Scenario3ProposalIsNotExecution" name="test_witnessed_pair_is_not_an_external_effect" time="0.001" /><testcase classname="tests.test_chaos_dual_record.Scenario4AgentReportedIsNotIndependentlyVerified" name="test_one_record_is_unwitnessed" time="0.001" /><testcase classname="tests.test_chaos_dual_record.Scenario4AgentReportedIsNotIndependentlyVerified" name="test_same_source_copy_is_not_independent" time="0.001" /><testcase classname="tests.test_chaos_dual_record.Scenario5SealedSendDoesNotPoisonSibling" name="test_sealed_topic_leaves_sibling_pair_intact" time="0.001" /><testcase classname="tests.test_chaos_dual_record.Scenario6GlobalHaltIsNotAPairParameter" name="test_halt_does_not_block_pairing" time="0.001" /><testcase classname="tests.test_chaos_dual_record.Scenario6GlobalHaltIsNotAPairParameter" name="test_no_halt_knob_to_rearm_send" time="0.001" /><testcase classname="tests.test_chaos_dual_record.Scenario7ReversibleRecoveryWithoutOwner" name="test_ready_never_equals_authorized" time="0.001" /><testcase classname="tests.test_chaos_dual_record.Scenario7ReversibleRecoveryWithoutOwner" name="test_resume_is_a_pair_and_not_a_send" time="0.001" /><testcase classname="tests.test_chaos_envelope_store.Scenario1DeadSourceIsUnknownNotFalse" name="test_unknown_envelope_activity_is_not_classified_false" time="0.001" /><testcase classname="tests.test_chaos_envelope_store.Scenario1DeadSourceIsUnknownNotFalse" name="test_unknown_store_kind_is_not_classified_false" time="0.001" /><testcase classname="tests.test_chaos_envelope_store.Scenario2ArmTimeoutOthersContinue" name="test_one_arm_timeout_does_not_refuse_sibling_validate" time="0.001" /><testcase classname="tests.test_chaos_envelope_store.Scenario2ArmTimeoutOthersContinue" name="test_timeout_does_not_prove_concurrent_write" time="0.001" /><testcase classname="tests.test_chaos_envelope_store.Scenario3ThreeArmsInFlight" name="test_three_arms_admit_validate_and_inflight_append" time="0.001" /><testcase classname="tests.test_chaos_envelope_store.Scenario4DuplicateDeliveryStillNotASend" name="test_second_identical_admit_is_not_a_send" time="0.001" /><testcase classname="tests.test_chaos_envelope_store.Scenario5SealedNameStopsThatRowOnly" name="test_sealed_arm_refused_sibling_validate_continues" time="0.001" /><testcase classname="tests.test_chaos_envelope_store.Scenario6GlobalHaltIsStartOnly" name="test_halt_refuses_mint_and_run_created_not_validate" time="0.001" /><testcase classname="tests.test_chaos_envelope_store.Scenario6GlobalHaltIsStartOnly" name="test_no_halt_knob_to_rearm_send" time="0.001" /><testcase classname="tests.test_chaos_envelope_store.Scenario7ReversibleRecoveryWithoutOwner" name="test_resume_is_a_validate_or_replay_and_not_a_send" time="0.001" /><testcase classname="tests.test_chaos_envelope_store.Scenario7ReversibleRecoveryWithoutOwner" name="test_rewrite_is_never_recovery" time="0.001" /><testcase classname="tests.test_chaos_envelope_store.ReadyNeverEqualsAuthorized" name="test_campaign_ready_and_send_authorized_are_both_sealed" time="0.001" /><testcase classname="tests.test_chaos_event_order.ScenarioBackwardsTsIsRefused" name="test_later_record_cannot_carry_earlier_clock" time="0.001" /><testcase classname="tests.test_chaos_event_order.ScenarioBackwardsTsIsRefused" name="test_missing_last_ts_is_unknown_not_a_writer" time="0.001" /><testcase classname="tests.test_chaos_event_order.ScenarioProposalIsNotExecution" name="test_debit_without_receipt_is_refused" time="0.001" /><testcase classname="tests.test_chaos_event_order.ScenarioProposalIsNotExecution" name="test_rename_is_not_a_receipt" time="0.001" /><testcase classname="tests.test_chaos_event_order.ScenarioCloseStopsFurtherKinds" name="test_recovery_closes_then_other_run_continues" time="0.001" /><testcase classname="tests.test_chaos_event_order.ScenarioInFlightOrderSurvivesHaltVocabulary" name="test_accept_has_no_halt_switch" time="0.001" /><testcase classname="tests.test_chaos_event_order.ScenarioReadyAuthorizedSentStayDistinct" name="test_sealed_names_are_not_graph_nodes" time="0.001" /><testcase classname="tests.test_chaos_evidence_witness.Scenario1DeadSourceIsUnknownNotFalse" name="test_unknown_evidence_level_is_not_false" time="0.001" /><testcase classname="tests.test_chaos_evidence_witness.Scenario1DeadSourceIsUnknownNotFalse" name="test_unknown_size_is_none_not_zero" time="0.001" /><testcase classname="tests.test_chaos_evidence_witness.Scenario2ArmTimeoutOthersContinue" name="test_one_arm_timeout_does_not_refuse_sibling_pointer" time="0.001" /><testcase classname="tests.test_chaos_evidence_witness.Scenario2ArmTimeoutOthersContinue" name="test_timeout_does_not_prove_concurrent_write" time="0.001" /><testcase classname="tests.test_chaos_evidence_witness.Scenario3ThreeArmsInFlight" name="test_three_arms_mint_distinct_pointers" time="0.001" /><testcase classname="tests.test_chaos_evidence_witness.Scenario4DuplicateDeliveryStillNotASend" name="test_second_identical_pointer_is_not_a_send" time="0.001" /><testcase classname="tests.test_chaos_evidence_witness.Scenario5SealedNameStopsThatCitationOnly" name="test_sealed_arm_refused_sibling_citation_continues" time="0.001" /><testcase classname="tests.test_chaos_evidence_witness.Scenario5SealedNameStopsThatCitationOnly" name="test_sealed_command_refused_sibling_number_continues" time="0.001" /><testcase classname="tests.test_chaos_evidence_witness.Scenario6HaltDoesNotBlockCitation" name="test_halt_is_not_a_pointer_parameter" time="0.001" /><testcase classname="tests.test_chaos_evidence_witness.Scenario6HaltDoesNotBlockCitation" name="test_ready_is_not_authorized_under_halt_or_not" time="0.001" /><testcase classname="tests.test_chaos_evidence_witness.Scenario7RecoveryWithoutOwnerIsNotASend" name="test_recovery_pointer_and_number_are_not_sends" time="0.001" /><testcase classname="tests.test_chaos_flag_freeze.Scenario1DeadSourceIsUnknownNotFalse" name="test_unknown_flag_is_not_classified_false" time="0.001" /><testcase classname="tests.test_chaos_flag_freeze.Scenario1DeadSourceIsUnknownNotFalse" name="test_unknown_intended_is_not_classified_false" time="0.001" /><testcase classname="tests.test_chaos_flag_freeze.Scenario2ArmTimeoutOthersContinue" name="test_one_arm_timeout_does_not_unfreeze_siblings" time="0.001" /><testcase classname="tests.test_chaos_flag_freeze.Scenario2ArmTimeoutOthersContinue" name="test_timeout_does_not_prove_concurrent_write" time="0.001" /><testcase classname="tests.test_chaos_flag_freeze.Scenario3ThreeArmsInFlight" name="test_three_arms_can_close_distinct_flags" time="0.001" /><testcase classname="tests.test_chaos_flag_freeze.Scenario4DuplicateCloseStillNotASend" name="test_second_identical_close_is_not_a_send" time="0.001" /><testcase classname="tests.test_chaos_flag_freeze.Scenario5SealedNameStopsThatFlagOnly" name="test_sealed_arm_refused_sibling_close_continues" time="0.001" /><testcase classname="tests.test_chaos_flag_freeze.Scenario6GlobalHaltIsNotAFlagParameter" name="test_halt_does_not_block_flag_classify" time="0.001" /><testcase classname="tests.test_chaos_flag_freeze.Scenario6GlobalHaltIsNotAFlagParameter" name="test_no_halt_knob_to_rearm_send" time="0.001" /><testcase classname="tests.test_chaos_flag_freeze.Scenario7ReversibleRecoveryWithoutOwner" name="test_later_hold_still_refuses_open_after_recovery" time="0.001" /><testcase classname="tests.test_chaos_flag_freeze.Scenario7ReversibleRecoveryWithoutOwner" name="test_resume_is_a_close_and_not_a_send" time="0.001" /><testcase classname="tests.test_chaos_flag_freeze.ReadyNeverEqualsAuthorized" name="test_campaign_ready_and_send_authorized_are_both_sealed" time="0.001" /><testcase classname="tests.test_chaos_hash_chain.ScenarioSeqPreservingSpliceIsDetected" name="test_identical_bodies_under_different_prev_differ" time="0.001" /><testcase classname="tests.test_chaos_hash_chain.ScenarioSeqPreservingSpliceIsDetected" name="test_middle_rewrite_breaks_the_suffix" time="0.001" /><testcase classname="tests.test_chaos_hash_chain.ScenarioSeqPreservingSpliceIsDetected" name="test_rewritten_suffix_is_a_different_tip" time="0.001" /><testcase classname="tests.test_chaos_hash_chain.ScenarioInFlightLinkingSurvivesHaltVocabulary" name="test_accept_has_no_halt_switch" time="0.001" /><testcase classname="tests.test_chaos_journal_pragma.Scenario1MissingIsUnknownNotFalse" name="test_unknown_pragma_is_unknown" time="0.001" /><testcase classname="tests.test_chaos_journal_pragma.Scenario2TimeoutDoesNotProveWriter" name="test_timeout_on_wal_open_is_unknown" time="0.001" /><testcase classname="tests.test_chaos_journal_pragma.Scenario3HaltStopsStartsNotClassify" name="test_corrupt_halt_is_halted_and_admit_has_no_halt_param" time="0.001" /><testcase classname="tests.test_chaos_journal_pragma.Scenario4ArmFailureDoesNotInventSend" name="test_refused_normal_does_not_grant_send" time="0.001" /><testcase classname="tests.test_chaos_journal_pragma.Scenario5ReadyStaysUnsent" name="test_sealed_names_cannot_become_a_pragma" time="0.001" /><testcase classname="tests.test_chaos_journal_pragma.Scenario6DisagreementIsRecordedNotGuessed" name="test_normal_is_not_rewritten_to_full" time="0.001" /><testcase classname="tests.test_chaos_journal_pragma.Scenario7RecoveryNeedsNoOwner" name="test_wal_full_is_deterministic" time="0.001" /><testcase classname="tests.test_chaos_observe_infer.Scenario1MissingIsUnknownNotFalse" name="test_missing_is_unknown" time="0.001" /><testcase classname="tests.test_chaos_observe_infer.Scenario2TimeoutDoesNotProveWriter" name="test_timeout_evidence_is_unknown" time="0.001" /><testcase classname="tests.test_chaos_observe_infer.Scenario3HaltStopsStartsNotClassify" name="test_corrupt_halt_is_halted_and_classify_has_no_halt_param" time="0.001" /><testcase classname="tests.test_chaos_observe_infer.Scenario4ArmFailureDoesNotInventSend" name="test_refused_promotion_does_not_grant_send" time="0.001" /><testcase classname="tests.test_chaos_observe_infer.Scenario5ReadyStaysUnsent" name="test_sealed_names_cannot_promote" time="0.001" /><testcase classname="tests.test_chaos_observe_infer.Scenario6DisagreementIsRecordedNotGuessed" name="test_same_class_recorded_cross_class_refused" time="0.001" /><testcase classname="tests.test_chaos_observe_infer.Scenario7RecoveryNeedsNoOwner" name="test_reclassify_is_deterministic" time="0.001" /><testcase classname="tests.test_chaos_owner_absent.Scenario1DeadSourceIsUnknownNotFalse" name="test_401_and_404_are_unknown_not_false" time="0.001" /><testcase classname="tests.test_chaos_owner_absent.Scenario1DeadSourceIsUnkno
[...]
ns_empty_not_crash" time="1.008" /><testcase classname="tests.test_weekly_cycle_contract.TestHttpSourceFailClosed" name="test_no_key_returns_empty" time="0.001" /><testcase classname="tests.test_weekly_cycle_contract.TestHttpSourceFailClosed" name="test_sends_saba_data_true_refuses_to_observe" time="0.001" /><testcase classname="tests.test_weekly_cycle_contract.TestAggregator" name="test_concatenates_sources_in_order" time="0.001" /><testcase classname="tests.test_weekly_cycle_contract.TestAggregator" name="test_one_failing_source_does_not_kill_the_cycle" time="0.001" /><testcase classname="tests.test_weekly_cycle_contract.TestWeeklyCycle" name="test_focus_text_honest_when_nothing_real" time="0.014" /><testcase classname="tests.test_weekly_cycle_contract.TestWeeklyCycle" name="test_focus_text_is_derived_from_gaps" time="0.014" /><testcase classname="tests.test_weekly_cycle_contract.TestWeeklyCycle" name="test_focus_text_never_leaks_raw_english_prompt" time="0.013" /><testcase classname="tests.test_weekly_cycle_contract.TestWeeklyCycle" name="test_fresh_candidate_survives_weak_one_refused" time="0.014" /><testcase classname="tests.test_weekly_cycle_contract.TestWeeklyCycle" name="test_persisted_focus_text_is_persian_summary" time="0.014" /><testcase classname="tests.test_weekly_cycle_contract.TestWeeklyCycle" name="test_rejected_hard_via_cycle_blocks_future_proposals" time="0.015" /><testcase classname="tests.test_weekly_cycle_contract.TestWeeklyCycle" name="test_same_week_rerun_does_not_repropose" time="0.015" /><testcase classname="tests.test_witness_mint.WitnessMintTests" name="test_binding_recorded" time="0.005" /><testcase classname="tests.test_witness_mint.WitnessMintTests" name="test_clock_is_injectable" time="0.006" /><testcase classname="tests.test_witness_mint.WitnessMintTests" name="test_duplicate_mint_is_idempotent" time="0.005" /><testcase classname="tests.test_witness_mint.WitnessMintTests" name="test_request_id_is_deterministic_function_of_binding" time="0.001" /><testcase classname="tests.test_witness_mint.WitnessMintTests" name="test_structural_and_executable_stay_separate" time="0.004" /><testcase classname="tests.test_witness_mint.WitnessMintTests" name="test_torn_prior_line_does_not_block_a_mint" time="0.010" /><testcase classname="tests.test_worker.TestQueue" name="test_duplicate_idem_key_is_refused" time="0.010" /><testcase classname="tests.test_worker.TestQueue" name="test_fifo" time="0.010" /><testcase classname="tests.test_worker.TestQueue" name="test_requeue_goes_to_the_tail" time="0.010" /><testcase classname="tests.test_worker.TestQueue" name="test_same_key_in_two_tenants_is_two_jobs" time="0.010" /><testcase classname="tests.test_worker.TestNeverInteractive" name="test_worker_always_marks_work_non_interactive" time="0.012" /><testcase classname="tests.test_worker.TestHappyPath" name="test_callback_receives_the_result" time="0.011" /><testcase classname="tests.test_worker.TestHappyPath" name="test_pii_findings_are_recorded_without_the_values" time="0.011" /><testcase classname="tests.test_worker.TestHappyPath" name="test_result_is_ledgered_with_cost_and_path" time="0.011" /><testcase classname="tests.test_worker.TestHappyPath" name="test_rules_answer_costs_nothing" time="0.012" /><testcase classname="tests.test_worker.TestFailureIsBounded" name="test_a_failing_job_is_parked_not_retried_forever" time="0.011" /><testcase classname="tests.test_worker.TestFailureIsBounded" name="test_a_raising_brain_does_not_kill_the_worker" time="0.011" /><testcase classname="tests.test_worker.TestFailureIsBounded" name="test_deterministic_route_denial_parks_without_retry" time="0.012" /><testcase classname="tests.test_worker.TestFailureIsBounded" name="test_exhausted_quota_parks_rather_than_spinning" time="0.011" /><testcase classname="tests.test_worker.TestFailureIsBounded" name="test_retries_are_ledgered_individually" time="0.012" /><testcase classname="tests.test_worker.TestFailureIsBounded" name="test_unknown_tenant_is_parked_not_guessed" time="0.010" /><testcase classname="tests.test_worker.TestDrainAndLoop" name="test_drain_empties_the_queue" time="0.016" /><testcase classname="tests.test_worker.TestDrainAndLoop" name="test_drain_respects_the_limit" time="0.018" /><testcase classname="tests.test_worker.TestDrainAndLoop" name="test_drain_stops_when_asked" time="0.016" /><testcase classname="tests.test_worker.TestDrainAndLoop" name="test_status_reports_both_queues" time="0.011" /><testcase classname="tests.test_worktree_inventory.ParsePorcelain" name="test_empty_input" time="0.001" /><testcase classname="tests.test_worktree_inventory.ParsePorcelain" name="test_three_entries" time="0.001" /><testcase classname="tests.test_worktree_inventory.ClassifyLockZone" name="test_clean_unlocked_is_verified" time="0.001" /><testcase classname="tests.test_worktree_inventory.ClassifyLockZone" name="test_dirty_or_locked_is_suspected" time="0.001" /><testcase classname="tests.test_worktree_inventory.ClassifyLockZone" name="test_timeout_is_unknown_not_false" time="0.001" /><testcase classname="tests.test_worktree_inventory.ClassifyLockZone" name="test_unreadable_status_is_unknown" time="0.001" /><testcase classname="tests.test_worktree_inventory.GitdirPointer" name="test_index_lock_follows_gitdir_pointer" time="0.009" /><testcase classname="tests.test_worktree_inventory.GitdirPointer" name="test_malformed_or_missing_is_none" time="0.003" /><testcase classname="tests.test_worktree_inventory.GitdirPointer" name="test_posix_absolute_pointer_is_not_drive_lettered" time="0.003" /><testcase classname="tests.test_worktree_inventory.GitdirPointer" name="test_reads_gitdir_line" time="0.003" /><testcase classname="tests.test_worktree_inventory.GitdirPointer" name="test_relative_gitdir_is_resolved_against_the_git_file" time="0.010" /><testcase classname="tests.test_worktree_inventory.GitdirPointer" name="test_symlink_gitdir_is_unknown_not_no_lock" time="0.010" /><testcase classname="tests.test_worktree_inventory.GitdirPointer" name="test_unreadable_pointer_is_unknown_not_no_lock" time="0.007" /><testcase classname="tests.test_worktree_inventory.NeverPrunes" name="test_source_has_no_prune_or_remove_calls" time="0.005" /><testcase classname="tests.test_write_fence.StructuralPins" name="test_allowed_decision_refuses_sealed_names" time="0.001" /><testcase classname="tests.test_write_fence.StructuralPins" name="test_allowed_must_not_carry_a_reason" time="0.001" /><testcase classname="tests.test_write_fence.StructuralPins" name="test_constructor_refuses_grants_send_true" time="0.001" /><testcase classname="tests.test_write_fence.StructuralPins" name="test_does_not_claim_immutable" time="0.001" /><testcase classname="tests.test_write_fence.StructuralPins" name="test_grants_send_is_false" time="0.001" /><testcase classname="tests.test_write_fence.StructuralPins" name="test_halt_does_not_block_writes" time="0.001" /><testcase classname="tests.test_write_fence.StructuralPins" name="test_mismatch_refusal_cannot_carry_a_sealed_name" time="0.001" /><testcase classname="tests.test_write_fence.StructuralPins" name="test_ready_is_not_authorized" time="0.000" /><testcase classname="tests.test_write_fence.StructuralPins" name="test_refused_requires_known_reason" time="0.001" /><testcase classname="tests.test_write_fence.StructuralPins" name="test_refused_write_does_not_burn_key" time="0.001" /><testcase classname="tests.test_write_fence.StructuralPins" name="test_sealed_effect_refusal_names_the_subject" time="0.001" /><testcase classname="tests.test_write_fence.StructuralPins" name="test_signature_has_no_send_halt_or_resend_knob" time="0.001" /><testcase classname="tests.test_write_fence.SurfacesAndKinds" name="test_closed_surface_vocabulary" time="0.001" /><testcase classname="tests.test_write_fence.SurfacesAndKinds" name="test_ledger_excludes_run_rejected" time="0.000" /><testcase classname="tests.test_write_fence.SurfacesAndKinds" name="test_receipt_is_execution_receipt_only" time="0.001" /><testcase classname="tests.test_write_fence.SurfacesAndKinds" name="test_side_log_is_run_rejected_only" time="0.001" /><testcase classname="tests.test_write_fence.LedgerAdmitsSpine" name="test_empty_payload_mapping_is_fine" time="0.001" /><testcase classname="tests.test_write_fence.LedgerAdmitsSpine" name="test_every_ledger_kind_is_admitted" time="0.002" /><testcase classname="tests.test_write_fence.LedgerAdmitsSpine" name="test_replay_is_byte_identical" time="0.001" /><testcase classname="tests.test_write_fence.LedgerAdmitsSpine" name="test_run_rejected_is_not_a_ledger_write" time="0.001" /><testcase classname="tests.test_write_fence.ReceiptAndSideLog" name="test_receipt_admits_execution_receipt" time="0.001" /><testcase classname="tests.test_write_fence.ReceiptAndSideLog" name="test_receipt_refuses_other_spine_kinds" time="0.002" /><testcase classname="tests.test_write_fence.ReceiptAndSideLog" name="test_side_log_admits_run_rejected" time="0.001" /><testcase classname="tests.test_write_fence.ReceiptAndSideLog" name="test_side_log_refuses_spine_kinds" time="0.001" /><testcase classname="tests.test_write_fence.SealedNameRefusesWrite" name="test_ready_is_not_authorized" time="0.001" /><testcase classname="tests.test_write_fence.SealedNameRefusesWrite" name="test_sealed_kind_aliases" time="0.001" /><testcase classname="tests.test_write_fence.SealedNameRefusesWrite" name="test_sealed_surface_aliases" time="0.001" /><testcase classname="tests.test_write_fence.SealedNameRefusesWrite" name="test_smuggled_payload_key" time="0.001" /><testcase classname="tests.test_write_fence.SealedNameRefusesWrite" name="test_smuggled_payload_value" time="0.001" /><testcase classname="tests.test_write_fence.SealedNameRefusesWrite" name="test_smuggled_ready_is_still_not_authorized" time="0.001" /><testcase classname="tests.test_write_fence.UnknownFailsClosed" name="test_empty_and_bool_names_fail_closed" time="0.002" /><testcase classname="tests.test_write_fence.UnknownFailsClosed" name="test_non_mapping_payload_fails_closed" time="0.001" /><testcase classname="tests.test_write_fence.UnknownFailsClosed" name="test_unknown_kind_is_not_false_and_not_admitted" time="0.001" /><testcase classname="tests.test_write_fence.UnknownFailsClosed" name="test_unknown_surface_is_not_false_and_not_admitted" time="0.001" /><testcase classname="tests.test_write_fence.UnknownFailsClosed" name="test_whitespace_kind_fails_closed" time="0.001" /><testcase classname="tests.test_write_fence.NoRetryAfterInvariant" name="test_same_bad_input_fails_again" time="0.001" /><testcase classname="tests.test_write_fence.NoRetryAfterInvariant" name="test_sealed_refusal_does_not_become_a_grant" time="0.001" /><testcase classname="tests.test_ziman_commerce.TestSchemaAndMetadata" name="test_all_tables_have_no_pii_columns" time="0.017" /><testcase classname="tests.test_ziman_commerce.TestSchemaAndMetadata" name="test_seed_and_test_metadata_are_visible_for_exclusion" time="0.020" /><testcase classname="tests.test_ziman_commerce.TestLinksAndReservation" name="test_ids_are_idempotent" time="0.022" /><testcase classname="tests.test_ziman_commerce.TestLinksAndReservation" name="test_linked_flow_and_availability" time="0.016" /><testcase classname="tests.test_ziman_commerce.TestLinksAndReservation" name="test_reservation_race_allows_one_winner" time="0.040" /><testcase classname="tests.test_ziman_commerce.TestLinksAndReservation" name="test_wrong_tenant_and_links_are_refused" time="0.016" /><testcase classname="tests.test_ziman_commerce.TestPayments" name="test_audited_receipt_is_accepted_in_production" time="0.019" /><testcase classname="tests.test_ziman_commerce.TestPayments" name="test_payment_id_and_provider_event_are_idempotent" time="0.018" /><testcase classname="tests.test_ziman_commerce.TestPayments" name="test_provider_webhook_confirms_order_and_sale_atomically" time="0.020" /><testcase classname="tests.test_ziman_commerce.TestPayments" name="test_refunded_and_reversed_are_representable_without_reselling" time="0.018" /><testcase classname="tests.test_ziman_commerce.TestPayments" name="test_test_order_cannot_be_labelled_production" time="0.016" /><testcase classname="tests.test_ziman_commerce.TestPayments" name="test_untrusted_or_empty_evidence_refused_in_production" time="0.017" /><testcase classname="tests.test_ziman_sales.TestSaleEvents" name="test_archived_product_creates_no_event" time="0.016" /><testcase classname="tests.test_ziman_sales.TestSaleEvents" name="test_duplicate_event_does_not_mutate_another_product" time="0.015" /><testcase classname="tests.test_ziman_sales.TestSaleEvents" name="test_existing_listing_date_is_preserved" time="0.016" /><testcase classname="tests.test_ziman_sales.TestSaleEvents" name="test_explicit_unknown_amount_and_fee_are_accepted" time="0.015" /><testcase classname="tests.test_ziman_sales.TestSaleEvents" name="test_known_or_unknown_is_exactly_one_for_each_money_field" time="0.013" /><testcase classname="tests.test_ziman_sales.TestSaleEvents" name="test_negative_float_and_bool_money_are_rejected" time="0.013" /><testcase classname="tests.test_ziman_sales.TestSaleEvents" name="test_only_in_progress_or_for_sale_can_sell" time="0.014" /><testcase classname="tests.test_ziman_sales.TestSaleEvents" name="test_operational_receipt_does_not_create_payment" time="0.015" /><testcase classname="tests.test_ziman_sales.TestSaleEvents" name="test_sale_sets_canonical_channel_dates_and_state" time="0.018" /><testcase classname="tests.test_ziman_sales.TestSaleEvents" name="test_sales_returns_provenance_and_evidence" time="0.016" /><testcase classname="tests.test_ziman_sales.TestSaleEvents" name="test_tenant_isolation_creates_no_event" time="0.015" /><testcase classname="tests.test_ziman_sales.TestSaleEvents" name="test_unknown_sku_creates_no_event" time="0.013" /><testcase classname="tests.test_ziman_sales.TestSoldBypass" name="test_create_and_update_cannot_set_sold" time="0.014" /><testcase classname="tests.test_ziman_sales.TestProvenanceMigration" name="test_normal_create_provenance_is_not_editable" time="0.014" /><testcase classname="tests.test_ziman_sales.TestProvenanceMigration" name="test_old_rows_migrate_to_legacy_unknown_idempotently" time="0.032" /><testcase classname="tests.test_ziman_sales.TestListingPacket" name="test_packet_is_deterministic" time="0.015" /><testcase classname="tests.test_ziman_shell_pieces.TestNoTaxAnywhere" name="test_gst_is_named_only_to_admit_it_is_unanswered" time="0.002" /><testcase classname="tests.test_ziman_shell_pieces.TestNoTaxAnywhere" name="test_no_tax_line_no_tax_column_no_tax_arithmetic" time="0.004" /><testcase classname="tests.test_ziman_shell_pieces.TestNoTaxAnywhere" name="test_the_unanswered_state_says_the_number_is_not_final" time="0.001" /><testcase classname="tests.test_ziman_shell_pieces.TestPriceIsHers" name="test_an_empty_floor_falls_back_to_the_listed_price" time="0.001" /><testcase classname="tests.test_ziman_shell_pieces.TestPriceIsHers" name="test_both_reference_numbers_are_offered_as_comparison_only" time="0.001" /><testcase classname="tests.test_ziman_shell_pieces.TestPriceIsHers" name="test_the_price_field_is_never_prefilled_from_cost" time="0.001" /><testcase classname="tests.test_ziman_shell_pieces.TestPriceIsHers" name="test_the_warning_is_computed_against_the_floor" time="0.001" /><testcase classname="tests.test_ziman_shell_pieces.TestLossIsStatedInWords" name="test_a_loss_says_so_rather_than_showing_a_negative" time="0.001" /><testcase classname="tests.test_ziman_shell_pieces.TestLossIsStatedInWords" name="test_the_loss_is_visible_while_she_types_not_after" time="0.001" /><testcase classname="tests.test_ziman_shell_pieces.TestLossIsStatedInWords" name="test_the_non_loss_branch_is_not_unconditionally_green" time="0.001" /><testcase classname="tests.test_ziman_shell_pieces.TestNumbersComeFromTheNode" name="test_a_blocked_margin_is_explained_not_blanked" time="0.001" /><testcase classname="tests.test_ziman_shell_pieces.TestNumbersComeFromTheNode" name="test_no_stock_or_batch_language_survives" time="0.001" /><testcase classname="tests.test_ziman_shell_pieces.TestNumbersComeFromTheNode" name="test_the_list_renders_node_fields" time="0.002" /><testcase classname="tests.test_ziman_shell_pieces.TestNumbersComeFromTheNode" name="test_the_three_verdicts_are_the_agreed_three" time="0.002" /><testcase classname="tests.test_ziman_shell_pieces.TestPersianInput" name="test_number_fields_are_text_inputs_not_number_inputs" time="0.001" /><testcase classname="tests.test_ziman_shell_pieces.TestPersianInput" name="test_persian_and_arabic_digits_are_accepted" time="0.001" /><testcase classname="tests.test_ziman_shell_pieces.TestDraftIsDeviceLocal" name="test_a_half_finished_piece_is_offered_back" time="0.001" /><testcase classname="tests.test_ziman_shell_pieces.TestDraftIsDeviceLocal" name="test_saving_clears_the_draft" time="0.000" /><testcase classname="tests.test_ziman_shell_pieces.TestDraftIsDeviceLocal" name="test_the_draft_is_one_key_and_says_it_is_local" time="0.001" /><testcase classname="tests.test_ziman_shell_pieces.TestStatesAndChannels" name="test_api_strings_are_rendered_without_inner_html" time="0.001" /><testcase classname="tests.test_ziman_shell_pieces.TestStatesAndChannels" name="test_configured_zero_fee_channels_are_offered" time="0.001" /><testcase classname="tests.test_ziman_shell_pieces.TestStatesAndChannels" name="test_listing_packet_and_receipt_words_are_distinct" time="0.001" /><testcase classname="tests.test_ziman_shell_pieces.TestStatesAndChannels" name="test_sale_receipt_collects_channel_and_explicit_unknowns" time="0.001" /><testcase classname="tests.test_ziman_shell_pieces.TestStatesAndChannels" name="test_sale_uses_dedicated_route_never_generic_sold_save" time="0.001" /><testcase classname="tests.test_ziman_shell_pieces.TestStatesAndChannels" name="test_the_four_states_are_in_her_language" time="0.001" /><testcase classname="tests.test_ziman_shell_pieces.TestBootReachability" name="test_no_stray_return_in_boot" time="0.001" /><testcase classname="tests.test_ziman_tender_harvest.TestGates" name="test_raises_without_owner_approval" time="0.001" /><testcase classname="tests.test_ziman_tender_harvest.TestGates" name="test_raises_when_wire_flag_off" time="0.001" /><testcase classname="tests.test_ziman_tender_harvest.TestGates" name="test_raises_when_wire_flag_wrong_value" time="0.001" /><testcase classname="tests.test_ziman_tender_harvest.TestGates" name="test_passes_when_both_set" time="0.000" /><testcase classname="tests.test_ziman_tender_harvest.TestRunGates" name="test_run_refuses_without_approval" time="0.000" /><testcase classname="tests.test_ziman_tender_harvest.TestRunGates" name="test_run_refuses_without_url" time="0.001" /><testcase classname="tests.test_ziman_tender_harvest.TestRunGates" name="test_run_refuses_empty_url" time="0.001" /><testcase classname="tests.test_ziman_tender_harvest.TestDbWriter" name="test_inserts_new_rows" time="0.581" /><testcase classname="tests.test_ziman_tender_harvest.TestDbWriter" name="test_skips_duplicate_reference_id" time="0.922" /><testcase classname="tests.test_ziman_tender_harvest.TestDbWriter" name="test_wal_pragma_set" time="0.534" /><testcase classname="tests.test_ziman_tender_harvest.TestDbWriter" name="test_does_not_exceed_max_rows" time="0.544" /><testcase classname="tests.test_ziman_tender_harvest.TestClaimWriter" name="test_writes_valid_json" time="0.009" /><testcase classname="tests.test_ziman_tender_harvest.TestClaimWriter" name="test_claim_marks_witness_required" time="0.010" /><testcase classname="tests.test_ziman_tender_harvest.TestLiveHarvest" name="test_scrapes_and_inserts" time="0.001"><skipped type="pytest.skip" message="live_only: requires board138 + OFN_WIRE_HARVEST=1 + owner GO">F:\octo-exec\R-EXEC-DEBUG-20260905\wt-p03\tests\test_ziman_tender_harvest.py:149: live_only: requires board138 + OFN_WIRE_HARVEST=1 + owner GO</skipped></testcase></testsuite></testsuites>